#
# A fatal error has been detected by the Java Runtime Environment:
#
#  EXCEPTION_UNCAUGHT_CXX_EXCEPTION (0xe06d7363) at pc=0x00007ffbcceda388, pid=12584, tid=9380
#
# JRE version: Java(TM) SE Runtime Environment (9.0+11) (build 9.0.4+11)
# Java VM: Java HotSpot(TM) 64-Bit Server VM (9.0.4+11, mixed mode, tiered, compressed oops, g1 gc, windows-amd64)
# Problematic frame:
# C  [KERNELBASE.dll+0x3a388]
#
# No core dump will be written. Minidumps are not enabled by default on client versions of Windows
#
# If you would like to submit a bug report, please visit:
#   http://bugreport.java.com/bugreport/crash.jsp
# The crash happened outside the Java Virtual Machine in native code.
# See problematic frame for where to report the bug.
#

---------------  S U M M A R Y ------------

Command Line: -Dsun.java2d.pmoffscreen=false -Dsun.java2d.xrender=false -Dsun.java2d.d3d=false -Dsun.awt.nopixfmt=true -Dsun.java2d.dpiaware=true -Dsun.java2d.uiScale.enabled=false -Xverify:none -Dswing.aatext=true -XX:-UsePerfData -Djdk.map.althashing.threshold=512 -XX:StringTableSize=4072 --add-opens=java.base/java.nio=ALL-UNNAMED --add-opens=java.desktop/sun.swing=ALL-UNNAMED --add-opens=java.desktop/javax.swing=ALL-UNNAMED --add-opens=java.desktop/javax.swing.tree=ALL-UNNAMED --add-opens=java.desktop/javax.swing.plaf.basic=ALL-UNNAMED --add-opens=java.desktop/javax.swing.plaf.synth=ALL-UNNAMED --add-opens=java.desktop/com.sun.awt=ALL-UNNAMED -XX:NewSize=60m -XX:MaxNewSize=60m -Xms128m -Xmx3072m -Xss5m 

Host: Intel(R) Core(TM) i7-4770HQ CPU @ 2.20GHz, 8 cores, 15G,  Windows 10 , 64 bit Build 17134 (10.0.17134.753)
Time: Thu Jun 06 18:51:08 2019 ?D1¨²¡À¨º¡Á?¨º¡À?? elapsed time: 4935 seconds (0d 1h 22m 15s)

---------------  T H R E A D  ---------------

Current thread (0x0000022fa59ed000):  JavaThread "AWT-EventQueue-0" [_thread_in_native, id=9380, stack(0x00000084cba00000,0x00000084cbf00000)]

Stack: [0x00000084cba00000,0x00000084cbf00000],  sp=0x00000084cbef6800,  free space=5082k
Native frames: (J=compiled Java code, j=interpreted, Vv=VM code, C=native code)
C  [KERNELBASE.dll+0x3a388]
C  [VCRUNTIME140.dll+0x480d]
C  [librdi_common.dll+0x56d20b]
C  [MSVCP140.dll+0x18941]
C  [ucrtbase.dll+0x6858c]
C  [librdi_common.dll+0x723ca7]
C  [librdi_common.dll+0x1293b9]
C  0x00007ffb5d673e4d
C  0x0000022f93c4f3ba

Java frames: (J=compiled Java code, j=interpreted, Vv=VM code)
J 26457  ui.data.labtools.lthwdatai.HWDevice_getName(J)Ljava/lang/String; (0 bytes) @ 0x0000022f93c4f321 [0x0000022f93c4f2e0+0x0000000000000041]
j  ui.data.labtools.d.Ev()Ljava/lang/String;+4
j  ui.data.labtools.d.getName()Ljava/lang/String;+1
j  ui.views.cx.fck()Ljava/lang/String;+11
j  ui.views.bA.fck()Ljava/lang/String;+33
j  ui.views.cx.bE(Lui/data/bp;)V+29
j  ui.views.cx.fed()V+41
j  ui.views.bA.fcp()V+1
j  ui.views.bA$$Lambda$261.run()V+4
J 13480 c2 java.awt.EventQueue$3.run()Ljava/lang/Object; java.desktop@9.0.4 (5 bytes) @ 0x0000022f92da518c [0x0000022f92da4e80+0x000000000000030c]
v  ~StubRoutines::call_stub
J 3016  java.security.AccessController.doPrivileged(Ljava/security/PrivilegedAction;Ljava/security/AccessControlContext;)Ljava/lang/Object; java.base@9.0.4 (0 bytes) @ 0x0000022f923719c6 [0x0000022f92371960+0x0000000000000066]
J 13466 c2 java.awt.EventQueue.dispatchEvent(Ljava/awt/AWTEvent;)V java.desktop@9.0.4 (80 bytes) @ 0x0000022f92d9e918 [0x0000022f92d9e3c0+0x0000000000000558]
J 25999 c2 java.awt.EventDispatchThread.pumpOneEventForFilters(I)V java.desktop@9.0.4 (218 bytes) @ 0x0000022f93b43820 [0x0000022f93b432e0+0x0000000000000540]
J 20681 c2 java.awt.EventDispatchThread.pumpEventsForFilter(ILjava/awt/Conditional;Ljava/awt/EventFilter;)V java.desktop@9.0.4 (47 bytes) @ 0x0000022f93687c8c [0x0000022f93687ae0+0x00000000000001ac]
j  java.awt.EventDispatchThread.pumpEventsForFilter(Ljava/awt/Conditional;Ljava/awt/EventFilter;)V+4 java.desktop@9.0.4
j  java.awt.WaitDispatchSupport$2.run()V+59 java.desktop@9.0.4
j  java.awt.WaitDispatchSupport$4.run()Ljava/lang/Void;+4 java.desktop@9.0.4
j  java.awt.WaitDispatchSupport$4.run()Ljava/lang/Object;+1 java.desktop@9.0.4
v  ~StubRoutines::call_stub
J 927  java.security.AccessController.doPrivileged(Ljava/security/PrivilegedAction;)Ljava/lang/Object; java.base@9.0.4 (0 bytes) @ 0x0000022f921f9f32 [0x0000022f921f9ee0+0x0000000000000052]
j  java.awt.WaitDispatchSupport.enter()Z+260 java.desktop@9.0.4
j  java.awt.Dialog.show()V+225 java.desktop@9.0.4
J 26739 c1 java.awt.Window.setVisible(Z)V java.desktop@9.0.4 (6 bytes) @ 0x0000022f8ac88d84 [0x0000022f8ac88b60+0x0000000000000224]
j  java.awt.Dialog.setVisible(Z)V+2 java.desktop@9.0.4
j  ui.b.c.g.setVisible(Z)V+2
j  ui.b.c.bx.showDialog()V+64
j  ui.b.c.bE.actionPerformed(Ljava/awt/event/ActionEvent;)V+8
j  ui.b.c.bx.cHE()V+396
j  ui.views.c.s.b.f.run()V+4
j  ui.views.S.X.a(Ljava/lang/String;ZLjava/lang/Runnable;Ljava/lang/Runnable;)Z+252
j  ui.views.S.X.a(Ljava/lang/String;Ljava/lang/Runnable;Ljava/lang/Runnable;)Z+5
j  ui.views.S.X.b(Ljava/lang/String;Ljava/lang/Runnable;)Z+4
j  ui.views.c.s.b.d.b(Lui/data/design/B;Ljava/lang/String;Ljava/lang/String;)V+493
j  ui.views.c.s.b.d.C(Lui/data/design/B;)V+6
j  ui.views.c.s.b.d.D(Lui/data/design/B;)V+134
j  ui.views.c.s.b.d.run()V+262
j  ui.frmwork.a.dTt()Z+66
j  ui.utils.aM.actionPerformed(Ljava/awt/event/ActionEvent;)V+4
j  javax.swing.AbstractButton.fireActionPerformed(Ljava/awt/event/ActionEvent;)V+84 java.desktop@9.0.4
j  javax.swing.AbstractButton$Handler.actionPerformed(Ljava/awt/event/ActionEvent;)V+5 java.desktop@9.0.4
j  javax.swing.DefaultButtonModel.fireActionPerformed(Ljava/awt/event/ActionEvent;)V+34 java.desktop@9.0.4
J 26550 c1 javax.swing.DefaultButtonModel.setPressed(Z)V java.desktop@9.0.4 (125 bytes) @ 0x0000022f8b3309c4 [0x0000022f8b32fb00+0x0000000000000ec4]
j  javax.swing.AbstractButton.doClick(I)V+60 java.desktop@9.0.4
j  javax.swing.plaf.basic.BasicMenuItemUI.doClick(Ljavax/swing/MenuSelectionManager;)V+47 java.desktop@9.0.4
j  javax.swing.plaf.basic.BasicMenuItemUI$Handler.mouseReleased(Ljava/awt/event/MouseEvent;)V+76 java.desktop@9.0.4
J 14510 c1 java.awt.AWTEventMulticaster.mouseReleased(Ljava/awt/event/MouseEvent;)V java.desktop@9.0.4 (27 bytes) @ 0x0000022f8c07218c [0x0000022f8c071f80+0x000000000000020c]
J 26015 c2 javax.swing.JComponent.processMouseEvent(Ljava/awt/event/MouseEvent;)V java.desktop@9.0.4 (27 bytes) @ 0x0000022f93b4a390 [0x0000022f93b4a1a0+0x00000000000001f0]
J 25859 c2 java.awt.Container.processEvent(Ljava/awt/AWTEvent;)V java.desktop@9.0.4 (22 bytes) @ 0x0000022f93afa0d8 [0x0000022f93af9f40+0x0000000000000198]
J 26984 c1 java.awt.Component.dispatchEventImpl(Ljava/awt/AWTEvent;)V java.desktop@9.0.4 (739 bytes) @ 0x0000022f8bef8244 [0x0000022f8bef4600+0x0000000000003c44]
J 26991 c1 java.awt.Container.dispatchEventImpl(Ljava/awt/AWTEvent;)V java.desktop@9.0.4 (129 bytes) @ 0x0000022f8bb1ee0c [0x0000022f8bb1ece0+0x000000000000012c]
J 18552 c2 java.awt.LightweightDispatcher.retargetMouseEvent(Ljava/awt/Component;ILjava/awt/event/MouseEvent;)V java.desktop@9.0.4 (350 bytes) @ 0x0000022f92deb448 [0x0000022f92deaee0+0x0000000000000568]
J 23575 c1 java.awt.LightweightDispatcher.processMouseEvent(Ljava/awt/event/MouseEvent;)Z java.desktop@9.0.4 (265 bytes) @ 0x0000022f8c78e784 [0x0000022f8c78d840+0x0000000000000f44]
J 13163 c1 java.awt.LightweightDispatcher.dispatchEvent(Ljava/awt/AWTEvent;)Z java.desktop@9.0.4 (73 bytes) @ 0x0000022f8b95eccc [0x0000022f8b95e8a0+0x000000000000042c]
J 26991 c1 java.awt.Container.dispatchEventImpl(Ljava/awt/AWTEvent;)V java.desktop@9.0.4 (129 bytes) @ 0x0000022f8bb1edac [0x0000022f8bb1ece0+0x00000000000000cc]
J 14941 c2 java.awt.Window.dispatchEventImpl(Ljava/awt/AWTEvent;)V java.desktop@9.0.4 (23 bytes) @ 0x0000022f9258a18c [0x0000022f9258a140+0x000000000000004c]
J 13480 c2 java.awt.EventQueue$3.run()Ljava/lang/Object; java.desktop@9.0.4 (5 bytes) @ 0x0000022f92da503c [0x0000022f92da4e80+0x00000000000001bc]
v  ~StubRoutines::call_stub
J 3016  java.security.AccessController.doPrivileged(Ljava/security/PrivilegedAction;Ljava/security/AccessControlContext;)Ljava/lang/Object; java.base@9.0.4 (0 bytes) @ 0x0000022f923719c6 [0x0000022f92371960+0x0000000000000066]
J 14703 c2 java.awt.EventQueue$4.run()Ljava/lang/Object; java.desktop@9.0.4 (5 bytes) @ 0x0000022f92ec9e40 [0x0000022f92ec9be0+0x0000000000000260]
v  ~StubRoutines::call_stub
J 3016  java.security.AccessController.doPrivileged(Ljava/security/PrivilegedAction;Ljava/security/AccessControlContext;)Ljava/lang/Object; java.base@9.0.4 (0 bytes) @ 0x0000022f923719c6 [0x0000022f92371960+0x0000000000000066]
J 13466 c2 java.awt.EventQueue.dispatchEvent(Ljava/awt/AWTEvent;)V java.desktop@9.0.4 (80 bytes) @ 0x0000022f92d9e740 [0x0000022f92d9e3c0+0x0000000000000380]
J 25999 c2 java.awt.EventDispatchThread.pumpOneEventForFilters(I)V java.desktop@9.0.4 (218 bytes) @ 0x0000022f93b43820 [0x0000022f93b432e0+0x0000000000000540]
J 20269% c2 java.awt.EventDispatchThread.pumpEventsForFilter(ILjava/awt/Conditional;Ljava/awt/EventFilter;)V java.desktop@9.0.4 (47 bytes) @ 0x0000022f93605fd8 [0x0000022f93605ec0+0x0000000000000118]
j  java.awt.EventDispatchThread.pumpEventsForHierarchy(ILjava/awt/Conditional;Ljava/awt/Component;)V+11 java.desktop@9.0.4
j  java.awt.EventDispatchThread.pumpEvents(ILjava/awt/Conditional;)V+4 java.desktop@9.0.4
j  java.awt.EventDispatchThread.pumpEvents(Ljava/awt/Conditional;)V+3 java.desktop@9.0.4
j  java.awt.EventDispatchThread.run()V+9 java.desktop@9.0.4
v  ~StubRoutines::call_stub

siginfo: EXCEPTION_UNCAUGHT_CXX_EXCEPTION (0xe06d7363), ExceptionInformation=0x0000000019930520 0x00000084cbef6970 0x00007ffb9cbbe2b8 0x00007ffb9c080000 


Register to memory mapping:

RIP=0x00007ffbcceda388 KERNELBASE.dll
RAX=0x00000007011c6ca0 is an oop
java.lang.String 
{0x00000007011c6ca0} - klass: 'java/lang/String'
RBX=0x00007ffb9cbbe2b8 librdi_common.dll
RCX=0x0000000700000000 is an oop
java.security.ProtectionDomain 
{0x0000000700000000} - klass: 'java/security/ProtectionDomain'
RDX=0x0000000700077000 is an oop
java.lang.Class 
{0x0000000700077000} - klass: 'java/lang/Class'
RSP=0x00000084cbef6800 is pointing into the stack for thread: 0x0000022fa59ed000
RBP=0x00000084cbef6940 is pointing into the stack for thread: 0x0000022fa59ed000
RSI=0x0057005c003a0043 is an unknown value
RDI=0x00000084cbef6970 is pointing into the stack for thread: 0x0000022fa59ed000
R8 =0x0000000701e731f8 is an oop
java.awt.Toolkit$ToolkitEventMulticaster 
{0x0000000701e731f8} - klass: 'java/awt/Toolkit$ToolkitEventMulticaster'
R9 =0x00000000e02e5213 is an unknown value
R10=0x0000022f923850c4 is at entry_point+804 in (nmethod*)0x0000022f92384b90
R11=0x000000070004f370 is an oop
java.lang.Class 
{0x000000070004f370} - klass: 'java/lang/Class'
R12=0x0000000000000000 is an unknown value
R13=0x00000084cbef6e18 is pointing into the stack for thread: 0x0000022fa59ed000
R14=0x00000084cbef6d20 is pointing into the stack for thread: 0x0000022fa59ed000
R15=0x0000022f80ff9e30 is an unknown value


Registers:
RAX=0x00000007011c6ca0, RBX=0x00007ffb9cbbe2b8, RCX=0x0000000700000000, RDX=0x0000000700077000
RSP=0x00000084cbef6800, RBP=0x00000084cbef6940, RSI=0x0057005c003a0043, RDI=0x00000084cbef6970
R8 =0x0000000701e731f8, R9 =0x00000000e02e5213, R10=0x0000022f923850c4, R11=0x000000070004f370
R12=0x0000000000000000, R13=0x00000084cbef6e18, R14=0x00000084cbef6d20, R15=0x0000022f80ff9e30
RIP=0x00007ffbcceda388, EFLAGS=0x0000000000000202

Top of Stack: (sp=0x00000084cbef6800)
0x00000084cbef6800:   0000000713cce028 00007ffb9cbbe2b8
0x00000084cbef6810:   0057005c003a0043 00000084cbef6970
0x00000084cbef6820:   00000001e06d7363 0000000000000000
0x00000084cbef6830:   00007ffbcceda388 0000022f00000004
0x00000084cbef6840:   0000000019930520 00000084cbef6970
0x00000084cbef6850:   00007ffb9cbbe2b8 00007ffb9c080000
0x00000084cbef6860:   00000084cbef6d20 0000000000000000
0x00000084cbef6870:   00000084cbef6970 0057005c003a0043
0x00000084cbef6880:   00000084cbef6940 00007ffbcfe90f6f
0x00000084cbef6890:   00000084cbef6950 0000000000000000
0x00000084cbef68a0:   00000007018ef1e0 00000007e27991dc
0x00000084cbef68b0:   00007ffb9ce86000 00007ffb9c080000
0x00000084cbef68c0:   0000c4b132fa4eb6 0000000000000001
0x00000084cbef68d0:   00007ffb9cbbe2b8 00007ffbc21f480d
0x00000084cbef68e0:   0000022ff7150000 00000084cbef6d20
0x00000084cbef68f0:   0000022fc0000017 0057005c003a0043 

Instructions: (pc=0x00007ffbcceda388)
0x00007ffbcceda368:   49 8b d1 44 0f 47 c0 44 89 44 24 38 49 c1 e0 03
0x00007ffbcceda378:   e8 aa 46 04 00 48 8d 4c 24 20 ff 15 f0 82 14 00
0x00007ffbcceda388:   48 8b 8c 24 c0 00 00 00 48 33 cc e8 f8 05 04 00
0x00007ffbcceda398:   48 81 c4 d8 00 00 00 c3 83 64 24 38 00 eb d6 cc 



---------------  P R O C E S S  ---------------

Java Threads: ( => current thread )
  0x0000022fb012d000 JavaThread "Run Simulation" [_thread_blocked, id=15060, stack(0x00000084cff00000,0x00000084d0400000)]
  0x0000022fa5d10000 JavaThread "Thread-1824" [_thread_in_native, id=6908, stack(0x00000084cf500000,0x00000084cf600000)]
  0x0000022fa5d0e800 JavaThread "Thread-1813" [_thread_in_native, id=12444, stack(0x00000084cf500000,0x00000084cf600000)]
  0x0000022faafa2800 JavaThread "Thread-1800" [_thread_in_native, id=12924, stack(0x00000084cf500000,0x00000084cf600000)]
  0x0000022faafa0000 JavaThread "Thread-1791" [_thread_in_native, id=4636, stack(0x00000084cf500000,0x00000084cf600000)]
  0x0000022faaf9e800 JavaThread "Thread-1778" [_thread_in_native, id=16128, stack(0x00000084cf500000,0x00000084cf600000)]
  0x0000022faafa3000 JavaThread "Thread-1771" [_thread_in_native, id=13608, stack(0x00000084cf600000,0x00000084cf700000)]
  0x0000022faafa4800 JavaThread "Thread-1705" [_thread_in_native, id=12796, stack(0x00000084cf400000,0x00000084cf500000)]
  0x0000022faafa1000 JavaThread "Thread-1676" [_thread_in_native, id=3676, stack(0x00000084cf500000,0x00000084cf600000)]
  0x0000022faafa1800 JavaThread "Thread-1634" [_thread_in_native, id=16224, stack(0x00000084cf400000,0x00000084cf500000)]
  0x0000022faafa4000 JavaThread "Thread-1614" [_thread_in_native, id=7544, stack(0x00000084cf400000,0x00000084cf500000)]
  0x0000022faaf97000 JavaThread "Thread-1599" [_thread_in_native, id=2416, stack(0x00000084cf400000,0x00000084cf500000)]
  0x0000022faaf9c800 JavaThread "Thread-1584" [_thread_in_native, id=13084, stack(0x00000084cf400000,0x00000084cf500000)]
  0x0000022faaf9b000 JavaThread "Thread-1577" [_thread_in_native, id=16164, stack(0x00000084cf400000,0x00000084cf500000)]
  0x0000022faaf9a000 JavaThread "Thread-1569" [_thread_in_native, id=1992, stack(0x00000084cf500000,0x00000084cf600000)]
  0x0000022faaf99800 JavaThread "Thread-1295" [_thread_in_native, id=7484, stack(0x00000084cfd00000,0x00000084cfe00000)]
  0x0000022faaf96000 JavaThread "Image Animator 0" daemon [_thread_blocked, id=5416, stack(0x00000084d0900000,0x00000084d0e00000)]
  0x0000022fa5d0f000 JavaThread "SyntheticaAnimation 50" daemon [_thread_blocked, id=12280, stack(0x00000084cb000000,0x00000084cb500000)]
  0x0000022fa5d11800 JavaThread "hw_ila_monitor" [_thread_blocked, id=13752, stack(0x00000084cef00000,0x00000084cf400000)]
  0x0000022f831a9800 JavaThread "Update Runs Swing Worker" [_thread_blocked, id=11336, stack(0x00000084cea00000,0x00000084cef00000)]
  0x0000022f831a9000 JavaThread "Refresh Filesets Swing Worker" [_thread_blocked, id=11432, stack(0x00000084ce500000,0x00000084cea00000)]
  0x0000022f831a7800 JavaThread "SyntheticaAnimation 70" daemon [_thread_blocked, id=9776, stack(0x00000084cc900000,0x00000084cce00000)]
  0x0000022f831a8000 JavaThread "SyntheticaAnimation 25" daemon [_thread_blocked, id=4068, stack(0x00000084ce000000,0x00000084ce500000)]
  0x0000022f831a6800 JavaThread "SyntheticaAnimation 50" daemon [_thread_blocked, id=9232, stack(0x00000084cdb00000,0x00000084ce000000)]
  0x0000022f831a4800 JavaThread "Monitor HEventQueue" [_thread_blocked, id=8564, stack(0x00000084cd600000,0x00000084cdb00000)]
  0x0000022f831a5000 JavaThread "Batik CleanerThread" daemon [_thread_blocked, id=9892, stack(0x00000084cce00000,0x00000084cd300000)]
  0x0000022f831a3800 JavaThread "SyntheticaCleanerThread" daemon [_thread_blocked, id=11420, stack(0x00000084cbf00000,0x00000084cc400000)]
  0x0000022fa53a1800 JavaThread "Process Messages" [_thread_blocked, id=5200, stack(0x00000084cc400000,0x00000084cc900000)]
  0x0000022fa6172800 JavaThread "Thread-1" [_thread_in_native, id=7916, stack(0x00000084c4d00000,0x00000084c6100000)]
=>0x0000022fa59ed000 JavaThread "AWT-EventQueue-0" [_thread_in_native, id=9380, stack(0x00000084cba00000,0x00000084cbf00000)]
  0x0000022fa527d000 JavaThread "AWT-Shutdown" [_thread_blocked, id=1568, stack(0x00000084cb500000,0x00000084cba00000)]
  0x0000022fa5d4a800 JavaThread "TimerQueue" daemon [_thread_blocked, id=6492, stack(0x00000084ca600000,0x00000084cab00000)]
  0x0000022fa50ca800 JavaThread "AWT-Windows" daemon [_thread_in_native, id=12332, stack(0x00000084cab00000,0x00000084cb000000)]
  0x0000022fa5171000 JavaThread "Java2D Disposer" daemon [_thread_blocked, id=11932, stack(0x00000084ca100000,0x00000084ca600000)]
  0x0000022fa4a9d800 JavaThread "Service Thread" daemon [_thread_blocked, id=9788, stack(0x00000084c9b00000,0x00000084ca000000)]
  0x0000022ffd1fe000 JavaThread "Common-Cleaner" daemon [_thread_blocked, id=7712, stack(0x00000084c9600000,0x00000084c9b00000)]
  0x0000022f831aa800 JavaThread "Sweeper thread" daemon [_thread_blocked, id=9060, stack(0x00000084c9100000,0x00000084c9600000)]
  0x0000022f831a2000 JavaThread "C1 CompilerThread3" daemon [_thread_blocked, id=6364, stack(0x00000084c9000000,0x00000084c9100000)]
  0x0000022f831a1800 JavaThread "C2 CompilerThread2" daemon [_thread_blocked, id=828, stack(0x00000084c8f00000,0x00000084c9000000)]
  0x0000022f831a0800 JavaThread "C2 CompilerThread1" daemon [_thread_blocked, id=8212, stack(0x00000084c8e00000,0x00000084c8f00000)]
  0x0000022f831a0000 JavaThread "C2 CompilerThread0" daemon [_thread_blocked, id=2084, stack(0x00000084c8d00000,0x00000084c8e00000)]
  0x0000022f8319b000 JavaThread "Attach Listener" daemon [_thread_blocked, id=2712, stack(0x00000084c8800000,0x00000084c8d00000)]
  0x0000022f83192800 JavaThread "Signal Dispatcher" daemon [_thread_blocked, id=12740, stack(0x00000084c8300000,0x00000084c8800000)]
  0x0000022f8316c800 JavaThread "Finalizer" daemon [_thread_blocked, id=9156, stack(0x00000084c7e00000,0x00000084c8300000)]
  0x0000022f81d7a800 JavaThread "Reference Handler" daemon [_thread_blocked, id=4340, stack(0x00000084c7900000,0x00000084c7e00000)]
  0x0000022ffce8e800 JavaThread "main" [_thread_blocked, id=252, stack(0x00000084c6300000,0x00000084c6400000)]

Other Threads:
  0x0000022f81d79000 VMThread "VM Thread" [stack: 0x00000084c7800000,0x00000084c7900000] [id=10536]
  0x0000022fa4a9e000 WatcherThread [stack: 0x00000084ca000000,0x00000084ca100000] [id=10528]
  0x0000022f80d18000 GCTaskThread "GC Thread#0" [stack: 0x00000084c6400000,0x00000084c6500000] [id=15204]
  0x0000022ffce8f000 GCTaskThread "GC Thread#1" [stack: 0x00000084c6500000,0x00000084c6600000] [id=11004]
  0x0000022f81794800 GCTaskThread "GC Thread#2" [stack: 0x00000084c6600000,0x00000084c6700000] [id=12996]
  0x0000022ffcb61000 GCTaskThread "GC Thread#3" [stack: 0x00000084c6700000,0x00000084c6800000] [id=10944]
  0x0000022f8043e800 GCTaskThread "GC Thread#4" [stack: 0x00000084c6800000,0x00000084c6900000] [id=4736]
  0x0000022f8043f000 GCTaskThread "GC Thread#5" [stack: 0x00000084c6900000,0x00000084c6a00000] [id=8532]
  0x0000022ffcd64800 GCTaskThread "GC Thread#6" [stack: 0x00000084c6a00000,0x00000084c6b00000] [id=6400]
  0x0000022f80a83800 GCTaskThread "GC Thread#7" [stack: 0x00000084c6b00000,0x00000084c6c00000] [id=12576]
  0x0000022ffd1b6000 ConcurrentGCThread "G1 Main Marker" [stack: 0x00000084c7500000,0x00000084c7600000] [id=16732]
  0x0000022ffcf6a800 ConcurrentGCThread "G1 Marker#0" [stack: 0x00000084c7600000,0x00000084c7700000] [id=14588]
  0x0000022ffcf6b000 ConcurrentGCThread "G1 Marker#1" [stack: 0x00000084c7700000,0x00000084c7800000] [id=11048]
  0x0000022ffcd5f800 ConcurrentGCThread "G1 Refine#0" [stack: 0x00000084c7300000,0x00000084c7400000] [id=2888]
  0x0000022ffcd04800 ConcurrentGCThread "G1 Refine#1" [stack: 0x00000084c7200000,0x00000084c7300000] [id=9296]
  0x0000022ffcd03800 ConcurrentGCThread "G1 Refine#2" [stack: 0x00000084c7100000,0x00000084c7200000] [id=9512]
  0x0000022ffcb44000 ConcurrentGCThread "G1 Refine#3" [stack: 0x00000084c7000000,0x00000084c7100000] [id=14544]
  0x0000022ffcb43800 ConcurrentGCThread "G1 Refine#4" [stack: 0x00000084c6f00000,0x00000084c7000000] [id=8836]
  0x0000022ffcbc1000 ConcurrentGCThread "G1 Refine#5" [stack: 0x00000084c6e00000,0x00000084c6f00000] [id=4052]
  0x0000022ffcbc0000 ConcurrentGCThread "G1 Refine#6" [stack: 0x00000084c6d00000,0x00000084c6e00000] [id=12784]
  0x0000022f81461800 ConcurrentGCThread "G1 Refine#7" [stack: 0x00000084c6c00000,0x00000084c6d00000] [id=8348]
  0x0000022ffc9b7800 ConcurrentGCThread "G1 Young RemSet Sampling" [stack: 0x00000084c7400000,0x00000084c7500000] [id=13288]

Threads with active compile tasks:

VM state:not at safepoint (normal execution)

VM Mutex/Monitor currently owned by a thread: None

Heap address: 0x0000000700000000, size: 3072 MB, Compressed Oops mode: Zero based, Oop shift amount: 3
Narrow klass base: 0x0000000000000000, Narrow klass shift: 3
Compressed class space size: 1073741824 Address: 0x00000007c0000000

Heap:
 garbage-first heap   total 327680K, used 138676K [0x0000000700000000, 0x0000000700100a00, 0x00000007c0000000)
  region size 1024K, 5 young (5120K), 0 survivors (0K)
 Metaspace       used 96440K, capacity 98696K, committed 106288K, reserved 1140736K
  class space    used 13100K, capacity 13566K, committed 15152K, reserved 1048576K
Heap Regions: E=young(eden), S=young(survivor), O=old, HS=humongous(starts), HC=humongous(continues), CS=collection set, F=free, A=archive, TS=gc time stamp, AC=allocation context, TAMS=top-at-mark-start (previous, next)
|   0|0x0000000700000000, 0x00000007000d7540, 0x0000000700100000| 84%| O|  |TS  0|AC  0|TAMS 0x0000000700000000, 0x0000000700000000|
|   1|0x0000000700100000, 0x0000000700200000, 0x0000000700200000|100%|HS|  |TS  0|AC  0|TAMS 0x0000000700100000, 0x0000000700100000|
|   2|0x0000000700200000, 0x0000000700300000, 0x0000000700300000|100%|HC|  |TS  0|AC  0|TAMS 0x0000000700200000, 0x0000000700200000|
|   3|0x0000000700300000, 0x0000000700400000, 0x0000000700400000|100%|HS|  |TS  0|AC  0|TAMS 0x0000000700300000, 0x0000000700300000|
|   4|0x0000000700400000, 0x00000007004fffe8, 0x0000000700500000| 99%| O|  |TS  0|AC  0|TAMS 0x0000000700400000, 0x0000000700400000|
|   5|0x0000000700500000, 0x0000000700600000, 0x0000000700600000|100%| O|  |TS  0|AC  0|TAMS 0x0000000700500000, 0x0000000700500000|
|   6|0x0000000700600000, 0x0000000700700000, 0x0000000700700000|100%| O|  |TS  0|AC  0|TAMS 0x0000000700600000, 0x0000000700600000|
|   7|0x0000000700700000, 0x00000007007ffff0, 0x0000000700800000| 99%| O|  |TS  0|AC  0|TAMS 0x0000000700700000, 0x0000000700700000|
|   8|0x0000000700800000, 0x00000007008bb328, 0x0000000700900000| 73%| O|  |TS  0|AC  0|TAMS 0x0000000700800000, 0x0000000700800000|
|   9|0x0000000700900000, 0x0000000700a00000, 0x0000000700a00000|100%| O|  |TS  0|AC  0|TAMS 0x0000000700900000, 0x0000000700900000|
|  10|0x0000000700a00000, 0x0000000700aff240, 0x0000000700b00000| 99%| O|  |TS  0|AC  0|TAMS 0x0000000700a00000, 0x0000000700a00000|
|  11|0x0000000700b00000, 0x0000000700c00000, 0x0000000700c00000|100%|HS|  |TS  0|AC  0|TAMS 0x0000000700b00000, 0x0000000700b00000|
|  12|0x0000000700c00000, 0x0000000700d00000, 0x0000000700d00000|100%|HC|  |TS  0|AC  0|TAMS 0x0000000700c00000, 0x0000000700c00000|
|  13|0x0000000700d00000, 0x0000000700dfceb0, 0x0000000700e00000| 98%| O|  |TS  0|AC  0|TAMS 0x0000000700d00000, 0x0000000700d00000|
|  14|0x0000000700e00000, 0x0000000700eedaa0, 0x0000000700f00000| 92%| O|  |TS  0|AC  0|TAMS 0x0000000700e00000, 0x0000000700e00000|
|  15|0x0000000700f00000, 0x0000000700fc1db0, 0x0000000701000000| 75%| O|  |TS  0|AC  0|TAMS 0x0000000700f00000, 0x0000000700f00000|
|  16|0x0000000701000000, 0x00000007010fe9e8, 0x0000000701100000| 99%| O|  |TS  0|AC  0|TAMS 0x0000000701000000, 0x0000000701000000|
|  17|0x0000000701100000, 0x0000000701200000, 0x0000000701200000|100%| O|  |TS  0|AC  0|TAMS 0x0000000701100000, 0x0000000701100000|
|  18|0x0000000701200000, 0x00000007012fffc0, 0x0000000701300000| 99%| O|  |TS  0|AC  0|TAMS 0x0000000701200000, 0x0000000701200000|
|  19|0x0000000701300000, 0x0000000701400000, 0x0000000701400000|100%|HS|  |TS  0|AC  0|TAMS 0x0000000701300000, 0x0000000701300000|
|  20|0x0000000701400000, 0x0000000701500000, 0x0000000701500000|100%|HS|  |TS  0|AC  0|TAMS 0x0000000701400000, 0x0000000701400000|
|  21|0x0000000701500000, 0x00000007015fc3e8, 0x0000000701600000| 98%| O|  |TS  0|AC  0|TAMS 0x0000000701500000, 0x0000000701500000|
|  22|0x0000000701600000, 0x00000007016fffe8, 0x0000000701700000| 99%| O|  |TS  0|AC  0|TAMS 0x0000000701600000, 0x0000000701600000|
|  23|0x0000000701700000, 0x0000000701800000, 0x0000000701800000|100%| O|  |TS  0|AC  0|TAMS 0x0000000701700000, 0x0000000701700000|
|  24|0x0000000701800000, 0x0000000701900000, 0x0000000701900000|100%| O|  |TS  0|AC  0|TAMS 0x0000000701800000, 0x0000000701800000|
|  25|0x0000000701900000, 0x00000007019fffe8, 0x0000000701a00000| 99%| O|  |TS  0|AC  0|TAMS 0x0000000701900000, 0x0000000701900000|
|  26|0x0000000701a00000, 0x0000000701b00000, 0x0000000701b00000|100%| O|  |TS  0|AC  0|TAMS 0x0000000701a00000, 0x0000000701a00000|
|  27|0x0000000701b00000, 0x0000000701bffef8, 0x0000000701c00000| 99%| O|  |TS  0|AC  0|TAMS 0x0000000701b00000, 0x0000000701b00000|
|  28|0x0000000701c00000, 0x0000000701d00000, 0x0000000701d00000|100%| O|  |TS  0|AC  0|TAMS 0x0000000701c00000, 0x0000000701c00000|
|  29|0x0000000701d00000, 0x0000000701e00000, 0x0000000701e00000|100%|HS|  |TS  0|AC  0|TAMS 0x0000000701d00000, 0x0000000701d00000|
|  30|0x0000000701e00000, 0x0000000701efff50, 0x0000000701f00000| 99%| O|  |TS  0|AC  0|TAMS 0x0000000701e00000, 0x0000000701e00000|
|  31|0x0000000701f00000, 0x0000000702000000, 0x0000000702000000|100%| O|  |TS  0|AC  0|TAMS 0x0000000701f00000, 0x0000000701f00000|
|  32|0x0000000702000000, 0x00000007020ffff8, 0x0000000702100000| 99%| O|  |TS  0|AC  0|TAMS 0x0000000702000000, 0x0000000702000000|
|  33|0x0000000702100000, 0x00000007021ffff8, 0x0000000702200000| 99%| O|  |TS  0|AC  0|TAMS 0x0000000702100000, 0x0000000702100000|
|  34|0x0000000702200000, 0x0000000702300000, 0x0000000702300000|100%| O|  |TS  0|AC  0|TAMS 0x0000000702200000, 0x0000000702200000|
|  35|0x0000000702300000, 0x00000007023ffff0, 0x0000000702400000| 99%| O|  |TS  0|AC  0|TAMS 0x0000000702300000, 0x0000000702300000|
|  36|0x0000000702400000, 0x0000000702500000, 0x0000000702500000|100%| O|  |TS  0|AC  0|TAMS 0x0000000702400000, 0x0000000702400000|
|  37|0x0000000702500000, 0x00000007025fd160, 0x0000000702600000| 98%| O|  |TS  0|AC  0|TAMS 0x0000000702500000, 0x0000000702500000|
|  38|0x0000000702600000, 0x00000007026ffee8, 0x0000000702700000| 99%| O|  |TS  0|AC  0|TAMS 0x0000000702600000, 0x0000000702600000|
|  39|0x0000000702700000, 0x00000007027fab08, 0x0000000702800000| 97%| O|  |TS  0|AC  0|TAMS 0x0000000702700000, 0x0000000702700000|
|  40|0x0000000702800000, 0x00000007028ffff8, 0x0000000702900000| 99%| O|  |TS  0|AC  0|TAMS 0x0000000702800000, 0x0000000702800000|
|  41|0x0000000702900000, 0x00000007029ffff0, 0x0000000702a00000| 99%| O|  |TS  0|AC  0|TAMS 0x0000000702900000, 0x0000000702900000|
|  42|0x0000000702a00000, 0x0000000702afffd8, 0x0000000702b00000| 99%| O|  |TS  0|AC  0|TAMS 0x0000000702a00000, 0x0000000702a00000|
|  43|0x0000000702b00000, 0x0000000702bfe248, 0x0000000702c00000| 99%| O|  |TS  0|AC  0|TAMS 0x0000000702b00000, 0x0000000702b00000|
|  44|0x0000000702c00000, 0x0000000702cfffe0, 0x0000000702d00000| 99%| O|  |TS  0|AC  0|TAMS 0x0000000702c00000, 0x0000000702c00000|
|  45|0x0000000702d00000, 0x0000000702e00000, 0x0000000702e00000|100%| O|  |TS  0|AC  0|TAMS 0x0000000702d00000, 0x0000000702d00000|
|  46|0x0000000702e00000, 0x0000000702efffe8, 0x0000000702f00000| 99%| O|  |TS  0|AC  0|TAMS 0x0000000702e00000, 0x0000000702e00000|
|  47|0x0000000702f00000, 0x0000000703000000, 0x0000000703000000|100%|HS|  |TS  0|AC  0|TAMS 0x0000000702f00000, 0x0000000702f00000|
|  48|0x0000000703000000, 0x0000000703100000, 0x0000000703100000|100%|HC|  |TS  0|AC  0|TAMS 0x0000000703000000, 0x0000000703000000|
|  49|0x0000000703100000, 0x0000000703200000, 0x0000000703200000|100%|HC|  |TS  0|AC  0|TAMS 0x0000000703100000, 0x0000000703100000|
|  50|0x0000000703200000, 0x0000000703300000, 0x0000000703300000|100%|HC|  |TS  0|AC  0|TAMS 0x0000000703200000, 0x0000000703200000|
|  51|0x0000000703300000, 0x0000000703400000, 0x0000000703400000|100%|HC|  |TS  0|AC  0|TAMS 0x0000000703300000, 0x0000000703300000|
|  52|0x0000000703400000, 0x0000000703500000, 0x0000000703500000|100%|HC|  |TS  0|AC  0|TAMS 0x0000000703400000, 0x0000000703400000|
|  53|0x0000000703500000, 0x0000000703600000, 0x0000000703600000|100%|HC|  |TS  0|AC  0|TAMS 0x0000000703500000, 0x0000000703500000|
|  54|0x0000000703600000, 0x0000000703700000, 0x0000000703700000|100%|HC|  |TS  0|AC  0|TAMS 0x0000000703600000, 0x0000000703600000|
|  55|0x0000000703700000, 0x0000000703800000, 0x0000000703800000|100%|HC|  |TS  0|AC  0|TAMS 0x0000000703700000, 0x0000000703700000|
|  56|0x0000000703800000, 0x0000000703900000, 0x0000000703900000|100%|HC|  |TS  0|AC  0|TAMS 0x0000000703800000, 0x0000000703800000|
|  57|0x0000000703900000, 0x0000000703a00000, 0x0000000703a00000|100%|HC|  |TS  0|AC  0|TAMS 0x0000000703900000, 0x0000000703900000|
|  58|0x0000000703a00000, 0x0000000703b00000, 0x0000000703b00000|100%|HC|  |TS  0|AC  0|TAMS 0x0000000703a00000, 0x0000000703a00000|
|  59|0x0000000703b00000, 0x0000000703c00000, 0x0000000703c00000|100%|HC|  |TS  0|AC  0|TAMS 0x0000000703b00000, 0x0000000703b00000|
|  60|0x0000000703c00000, 0x0000000703d00000, 0x0000000703d00000|100%|HC|  |TS  0|AC  0|TAMS 0x0000000703c00000, 0x0000000703c00000|
|  61|0x0000000703d00000, 0x0000000703e00000, 0x0000000703e00000|100%|HC|  |TS  0|AC  0|TAMS 0x0000000703d00000, 0x0000000703d00000|
|  62|0x0000000703e00000, 0x0000000703f00000, 0x0000000703f00000|100%|HC|  |TS  0|AC  0|TAMS 0x0000000703e00000, 0x0000000703e00000|
|  63|0x0000000703f00000, 0x0000000704000000, 0x0000000704000000|100%|HC|  |TS  0|AC  0|TAMS 0x0000000703f00000, 0x0000000703f00000|
|  64|0x0000000704000000, 0x0000000704100000, 0x0000000704100000|100%|HC|  |TS  0|AC  0|TAMS 0x0000000704000000, 0x0000000704000000|
|  65|0x0000000704100000, 0x0000000704200000, 0x0000000704200000|100%|HC|  |TS  0|AC  0|TAMS 0x0000000704100000, 0x0000000704100000|
|  66|0x0000000704200000, 0x00000007042fea80, 0x0000000704300000| 99%| O|  |TS  0|AC  0|TAMS 0x0000000704200000, 0x0000000704200000|
|  67|0x0000000704300000, 0x00000007043ffff0, 0x0000000704400000| 99%| O|  |TS  0|AC  0|TAMS 0x0000000704300000, 0x0000000704300000|
|  68|0x0000000704400000, 0x00000007044fffd0, 0x0000000704500000| 99%| O|  |TS  0|AC  0|TAMS 0x0000000704400000, 0x0000000704400000|
|  69|0x0000000704500000, 0x00000007045ffff0, 0x0000000704600000| 99%| O|  |TS  0|AC  0|TAMS 0x0000000704500000, 0x0000000704500000|
|  70|0x0000000704600000, 0x00000007046ffd58, 0x0000000704700000| 99%| O|  |TS  0|AC  0|TAMS 0x0000000704600000, 0x0000000704600000|
|  71|0x0000000704700000, 0x00000007047fff18, 0x0000000704800000| 99%| O|  |TS  0|AC  0|TAMS 0x0000000704700000, 0x0000000704700000|
|  72|0x0000000704800000, 0x00000007048ffff8, 0x0000000704900000| 99%| O|  |TS  0|AC  0|TAMS 0x0000000704800000, 0x0000000704800000|
|  73|0x0000000704900000, 0x0000000704a00000, 0x0000000704a00000|100%| O|  |TS  0|AC  0|TAMS 0x0000000704900000, 0x0000000704900000|
|  74|0x0000000704a00000, 0x0000000704afffe8, 0x0000000704b00000| 99%| O|  |TS  0|AC  0|TAMS 0x0000000704a00000, 0x0000000704a00000|
|  75|0x0000000704b00000, 0x0000000704bfffe8, 0x0000000704c00000| 99%| O|  |TS  0|AC  0|TAMS 0x0000000704b00000, 0x0000000704b00000|
|  76|0x0000000704c00000, 0x0000000704cffff0, 0x0000000704d00000| 99%| O|  |TS  0|AC  0|TAMS 0x0000000704c00000, 0x0000000704c00000|
|  77|0x0000000704d00000, 0x0000000704dfffe8, 0x0000000704e00000| 99%| O|  |TS  0|AC  0|TAMS 0x0000000704d00000, 0x0000000704d00000|
|  78|0x0000000704e00000, 0x0000000704efffe0, 0x0000000704f00000| 99%| O|  |TS  0|AC  0|TAMS 0x0000000704e00000, 0x0000000704e00000|
|  79|0x0000000704f00000, 0x0000000704ffffd8, 0x0000000705000000| 99%| O|  |TS  0|AC  0|TAMS 0x0000000704f00000, 0x0000000704f00000|
|  80|0x0000000705000000, 0x00000007050ffff0, 0x0000000705100000| 99%| O|  |TS  0|AC  0|TAMS 0x0000000705000000, 0x0000000705000000|
|  81|0x0000000705100000, 0x00000007051fffc0, 0x0000000705200000| 99%| O|  |TS  0|AC  0|TAMS 0x0000000705100000, 0x0000000705100000|
|  82|0x0000000705200000, 0x00000007052fff38, 0x0000000705300000| 99%| O|  |TS  0|AC  0|TAMS 0x0000000705200000, 0x0000000705200000|
|  83|0x0000000705300000, 0x00000007053ffff8, 0x0000000705400000| 99%| O|  |TS  0|AC  0|TAMS 0x0000000705300000, 0x0000000705300000|
|  84|0x0000000705400000, 0x00000007054fff08, 0x0000000705500000| 99%| O|  |TS  0|AC  0|TAMS 0x0000000705400000, 0x0000000705400000|
|  85|0x0000000705500000, 0x00000007055ffff8, 0x0000000705600000| 99%| O|  |TS  0|AC  0|TAMS 0x0000000705500000, 0x0000000705500000|
|  86|0x0000000705600000, 0x00000007056ffc98, 0x0000000705700000| 99%| O|  |TS  0|AC  0|TAMS 0x0000000705600000, 0x0000000705600000|
|  87|0x0000000705700000, 0x00000007057ffff0, 0x0000000705800000| 99%| O|  |TS  0|AC  0|TAMS 0x0000000705700000, 0x0000000705700000|
|  88|0x0000000705800000, 0x0000000705900000, 0x0000000705900000|100%| O|  |TS  0|AC  0|TAMS 0x0000000705800000, 0x0000000705800000|
|  89|0x0000000705900000, 0x00000007059ffff8, 0x0000000705a00000| 99%| O|  |TS  0|AC  0|TAMS 0x0000000705900000, 0x0000000705900000|
|  90|0x0000000705a00000, 0x0000000705affff8, 0x0000000705b00000| 99%| O|  |TS  0|AC  0|TAMS 0x0000000705a00000, 0x0000000705a00000|
|  91|0x0000000705b00000, 0x0000000705bffff0, 0x0000000705c00000| 99%| O|  |TS  0|AC  0|TAMS 0x0000000705b00000, 0x0000000705b00000|
|  92|0x0000000705c00000, 0x0000000705d00000, 0x0000000705d00000|100%| O|  |TS  0|AC  0|TAMS 0x0000000705c00000, 0x0000000705c00000|
|  93|0x0000000705d00000, 0x0000000705e00000, 0x0000000705e00000|100%| O|  |TS  0|AC  0|TAMS 0x0000000705d00000, 0x0000000705d00000|
|  94|0x0000000705e00000, 0x0000000705effff8, 0x0000000705f00000| 99%| O|  |TS  0|AC  0|TAMS 0x0000000705e00000, 0x0000000705e00000|
|  95|0x0000000705f00000, 0x0000000705ffffe0, 0x0000000706000000| 99%| O|  |TS  0|AC  0|TAMS 0x0000000705f00000, 0x0000000705f00000|
|  96|0x0000000706000000, 0x0000000706100000, 0x0000000706100000|100%| O|  |TS  0|AC  0|TAMS 0x0000000706000000, 0x0000000706000000|
|  97|0x0000000706100000, 0x0000000706200000, 0x0000000706200000|100%| O|  |TS  0|AC  0|TAMS 0x0000000706100000, 0x0000000706100000|
|  98|0x0000000706200000, 0x00000007062ffff8, 0x0000000706300000| 99%| O|  |TS  0|AC  0|TAMS 0x0000000706200000, 0x0000000706200000|
|  99|0x0000000706300000, 0x00000007063fffd8, 0x0000000706400000| 99%| O|  |TS  0|AC  0|TAMS 0x0000000706300000, 0x0000000706300000|
| 100|0x0000000706400000, 0x00000007064ff540, 0x0000000706500000| 99%| O|  |TS  0|AC  0|TAMS 0x0000000706400000, 0x0000000706400000|
| 101|0x0000000706500000, 0x0000000706600000, 0x0000000706600000|100%|HS|  |TS  0|AC  0|TAMS 0x0000000706500000, 0x0000000706500000|
| 102|0x0000000706600000, 0x0000000706700000, 0x0000000706700000|100%|HC|  |TS  0|AC  0|TAMS 0x0000000706600000, 0x0000000706600000|
| 103|0x0000000706700000, 0x0000000706800000, 0x0000000706800000|100%|HC|  |TS  0|AC  0|TAMS 0x0000000706700000, 0x0000000706700000|
| 104|0x0000000706800000, 0x0000000706900000, 0x0000000706900000|100%|HC|  |TS  0|AC  0|TAMS 0x0000000706800000, 0x0000000706800000|
| 105|0x0000000706900000, 0x0000000706a00000, 0x0000000706a00000|100%|HC|  |TS  0|AC  0|TAMS 0x0000000706900000, 0x0000000706900000|
| 106|0x0000000706a00000, 0x0000000706affff0, 0x0000000706b00000| 99%| O|  |TS  0|AC  0|TAMS 0x0000000706a00000, 0x0000000706a00000|
| 107|0x0000000706b00000, 0x0000000706bfff88, 0x0000000706c00000| 99%| O|  |TS  0|AC  0|TAMS 0x0000000706b00000, 0x0000000706b00000|
| 108|0x0000000706c00000, 0x0000000706cc45a8, 0x0000000706d00000| 76%| O|  |TS  0|AC  0|TAMS 0x0000000706c00000, 0x0000000706c00000|
| 109|0x0000000706d00000, 0x0000000706dffff8, 0x0000000706e00000| 99%| O|  |TS  0|AC  0|TAMS 0x0000000706d00000, 0x0000000706d00000|
| 110|0x0000000706e00000, 0x0000000706efffd8, 0x0000000706f00000| 99%| O|  |TS  0|AC  0|TAMS 0x0000000706e00000, 0x0000000706e00000|
| 111|0x0000000706f00000, 0x0000000706fffde8, 0x0000000707000000| 99%| O|  |TS  0|AC  0|TAMS 0x0000000706f00000, 0x0000000706f00000|
| 112|0x0000000707000000, 0x00000007070fffe0, 0x0000000707100000| 99%| O|  |TS  0|AC  0|TAMS 0x0000000707000000, 0x0000000707000000|
| 113|0x0000000707100000, 0x00000007071ffff8, 0x0000000707200000| 99%| O|  |TS  0|AC  0|TAMS 0x0000000707100000, 0x0000000707100000|
| 114|0x0000000707200000, 0x0000000707300000, 0x0000000707300000|100%| O|  |TS  0|AC  0|TAMS 0x0000000707200000, 0x0000000707200000|
| 115|0x0000000707300000, 0x00000007073ffff8, 0x0000000707400000| 99%| O|  |TS  0|AC  0|TAMS 0x0000000707300000, 0x0000000707300000|
| 116|0x0000000707400000, 0x00000007074ffff0, 0x0000000707500000| 99%| O|  |TS  0|AC  0|TAMS 0x0000000707400000, 0x0000000707400000|
| 117|0x0000000707500000, 0x00000007075fff30, 0x0000000707600000| 99%| O|  |TS  0|AC  0|TAMS 0x0000000707500000, 0x0000000707500000|
| 118|0x0000000707600000, 0x0000000707700000, 0x0000000707700000|100%| O|  |TS  0|AC  0|TAMS 0x0000000707600000, 0x0000000707600000|
| 119|0x0000000707700000, 0x0000000707800000, 0x0000000707800000|100%| O|  |TS  0|AC  0|TAMS 0x0000000707700000, 0x0000000707700000|
| 120|0x0000000707800000, 0x00000007078aa378, 0x0000000707900000| 66%| O|  |TS  0|AC  0|TAMS 0x0000000707800000, 0x0000000707800000|
| 121|0x0000000707900000, 0x0000000707a00000, 0x0000000707a00000|100%| O|  |TS  0|AC  0|TAMS 0x0000000707900000, 0x0000000707900000|
| 122|0x0000000707a00000, 0x0000000707affff0, 0x0000000707b00000| 99%| O|  |TS  0|AC  0|TAMS 0x0000000707a00000, 0x0000000707a00000|
| 123|0x0000000707b00000, 0x0000000707bd2bb0, 0x0000000707c00000| 82%| O|  |TS  0|AC  0|TAMS 0x0000000707b00000, 0x0000000707b00000|
| 124|0x0000000707c00000, 0x0000000707c00000, 0x0000000707d00000|  0%| F|  |TS  0|AC  0|TAMS 0x0000000707c00000, 0x0000000707c00000|
| 125|0x0000000707d00000, 0x0000000707d00000, 0x0000000707e00000|  0%| F|  |TS  0|AC  0|TAMS 0x0000000707d00000, 0x0000000707d00000|
| 126|0x0000000707e00000, 0x0000000707e00000, 0x0000000707f00000|  0%| F|  |TS  0|AC  0|TAMS 0x0000000707e00000, 0x0000000707e00000|
| 127|0x0000000707f00000, 0x0000000707f00000, 0x0000000708000000|  0%| F|  |TS  0|AC  0|TAMS 0x0000000707f00000, 0x0000000707f00000|
| 128|0x0000000708000000, 0x0000000708100000, 0x0000000708100000|100%|HS|  |TS  0|AC  0|TAMS 0x0000000708000000, 0x0000000708000000|
| 129|0x0000000708100000, 0x0000000708200000, 0x0000000708200000|100%|HC|  |TS  0|AC  0|TAMS 0x0000000708100000, 0x0000000708100000|
| 130|0x0000000708200000, 0x0000000708300000, 0x0000000708300000|100%|HC|  |TS  0|AC  0|TAMS 0x0000000708200000, 0x0000000708200000|
| 131|0x0000000708300000, 0x0000000708400000, 0x0000000708400000|100%|HC|  |TS  0|AC  0|TAMS 0x0000000708300000, 0x0000000708300000|
| 132|0x0000000708400000, 0x0000000708500000, 0x0000000708500000|100%|HC|  |TS  0|AC  0|TAMS 0x0000000708400000, 0x0000000708400000|
| 133|0x0000000708500000, 0x0000000708500000, 0x0000000708600000|  0%| F|  |TS  0|AC  0|TAMS 0x0000000708500000, 0x0000000708500000|
| 134|0x0000000708600000, 0x0000000708600000, 0x0000000708700000|  0%| F|  |TS  0|AC  0|TAMS 0x0000000708600000, 0x0000000708600000|
| 135|0x0000000708700000, 0x0000000708700000, 0x0000000708800000|  0%| F|  |TS  0|AC  0|TAMS 0x0000000708700000, 0x0000000708700000|
| 136|0x0000000708800000, 0x0000000708800000, 0x0000000708900000|  0%| F|  |TS  0|AC  0|TAMS 0x0000000708800000, 0x0000000708800000|
| 137|0x0000000708900000, 0x0000000708900000, 0x0000000708a00000|  0%| F|  |TS  0|AC  0|TAMS 0x0000000708900000, 0x0000000708900000|
| 138|0x0000000708a00000, 0x0000000708a00000, 0x0000000708b00000|  0%| F|  |TS  0|AC  0|TAMS 0x0000000708a00000, 0x0000000708a00000|
| 139|0x0000000708b00000, 0x0000000708b00000, 0x0000000708c00000|  0%| F|  |TS  0|AC  0|TAMS 0x0000000708b00000, 0x0000000708b00000|
| 140|0x0000000708c00000, 0x0000000708c00000, 0x0000000708d00000|  0%| F|  |TS  0|AC  0|TAMS 0x0000000708c00000, 0x0000000708c00000|
| 141|0x0000000708d00000, 0x0000000708d00000, 0x0000000708e00000|  0%| F|  |TS  0|AC  0|TAMS 0x0000000708d00000, 0x0000000708d00000|
| 142|0x0000000708e00000, 0x0000000708e00000, 0x0000000708f00000|  0%| F|  |TS  0|AC  0|TAMS 0x0000000708e00000, 0x0000000708e00000|
| 143|0x0000000708f00000, 0x0000000709000000, 0x0000000709000000|100%|HS|  |TS  0|AC  0|TAMS 0x0000000708f00000, 0x0000000708f00000|
| 144|0x0000000709000000, 0x0000000709100000, 0x0000000709100000|100%|HC|  |TS  0|AC  0|TAMS 0x0000000709000000, 0x0000000709000000|
| 145|0x0000000709100000, 0x0000000709200000, 0x0000000709200000|100%|HC|  |TS  0|AC  0|TAMS 0x0000000709100000, 0x0000000709100000|
| 146|0x0000000709200000, 0x0000000709300000, 0x0000000709300000|100%|HC|  |TS  0|AC  0|TAMS 0x0000000709200000, 0x0000000709200000|
| 147|0x0000000709300000, 0x0000000709300000, 0x0000000709400000|  0%| F|  |TS  0|AC  0|TAMS 0x0000000709300000, 0x0000000709300000|
| 148|0x0000000709400000, 0x0000000709400000, 0x0000000709500000|  0%| F|  |TS  0|AC  0|TAMS 0x0000000709400000, 0x0000000709400000|
| 149|0x0000000709500000, 0x0000000709500000, 0x0000000709600000|  0%| F|  |TS  0|AC  0|TAMS 0x0000000709500000, 0x0000000709500000|
| 150|0x0000000709600000, 0x0000000709600000, 0x0000000709700000|  0%| F|  |TS  0|AC  0|TAMS 0x0000000709600000, 0x0000000709600000|
| 151|0x0000000709700000, 0x0000000709700000, 0x0000000709800000|  0%| F|  |TS  0|AC  0|TAMS 0x0000000709700000, 0x0000000709700000|
| 152|0x0000000709800000, 0x0000000709800000, 0x0000000709900000|  0%| F|  |TS  0|AC  0|TAMS 0x0000000709800000, 0x0000000709800000|
| 153|0x0000000709900000, 0x0000000709900000, 0x0000000709a00000|  0%| F|  |TS  0|AC  0|TAMS 0x0000000709900000, 0x0000000709900000|
| 154|0x0000000709a00000, 0x0000000709a00000, 0x0000000709b00000|  0%| F|  |TS  0|AC  0|TAMS 0x0000000709a00000, 0x0000000709a00000|
| 155|0x0000000709b00000, 0x0000000709b00000, 0x0000000709c00000|  0%| F|  |TS  0|AC  0|TAMS 0x0000000709b00000, 0x0000000709b00000|
| 156|0x0000000709c00000, 0x0000000709c00000, 0x0000000709d00000|  0%| F|  |TS  0|AC  0|TAMS 0x0000000709c00000, 0x0000000709c00000|
| 157|0x0000000709d00000, 0x0000000709d00000, 0x0000000709e00000|  0%| F|  |TS  0|AC  0|TAMS 0x0000000709d00000, 0x0000000709d00000|
| 158|0x0000000709e00000, 0x0000000709e00000, 0x0000000709f00000|  0%| F|  |TS  0|AC  0|TAMS 0x0000000709e00000, 0x0000000709e00000|
| 159|0x0000000709f00000, 0x0000000709f00000, 0x000000070a000000|  0%| F|  |TS  0|AC  0|TAMS 0x0000000709f00000, 0x0000000709f00000|
| 160|0x000000070a000000, 0x000000070a000000, 0x000000070a100000|  0%| F|  |TS  0|AC  0|TAMS 0x000000070a000000, 0x000000070a000000|
| 161|0x000000070a100000, 0x000000070a100000, 0x000000070a200000|  0%| F|  |TS  0|AC  0|TAMS 0x000000070a100000, 0x000000070a100000|
| 162|0x000000070a200000, 0x000000070a200000, 0x000000070a300000|  0%| F|  |TS  0|AC  0|TAMS 0x000000070a200000, 0x000000070a200000|
| 163|0x000000070a300000, 0x000000070a300000, 0x000000070a400000|  0%| F|  |TS  0|AC  0|TAMS 0x000000070a300000, 0x000000070a300000|
| 164|0x000000070a400000, 0x000000070a400000, 0x000000070a500000|  0%| F|  |TS  0|AC  0|TAMS 0x000000070a400000, 0x000000070a400000|
| 165|0x000000070a500000, 0x000000070a500000, 0x000000070a600000|  0%| F|  |TS  0|AC  0|TAMS 0x000000070a500000, 0x000000070a500000|
| 166|0x000000070a600000, 0x000000070a600000, 0x000000070a700000|  0%| F|  |TS  0|AC  0|TAMS 0x000000070a600000, 0x000000070a600000|
| 167|0x000000070a700000, 0x000000070a700000, 0x000000070a800000|  0%| F|  |TS  0|AC  0|TAMS 0x000000070a700000, 0x000000070a700000|
| 168|0x000000070a800000, 0x000000070a800000, 0x000000070a900000|  0%| F|  |TS  0|AC  0|TAMS 0x000000070a800000, 0x000000070a800000|
| 169|0x000000070a900000, 0x000000070a900000, 0x000000070aa00000|  0%| F|  |TS  0|AC  0|TAMS 0x000000070a900000, 0x000000070a900000|
| 170|0x000000070aa00000, 0x000000070aa00000, 0x000000070ab00000|  0%| F|  |TS  0|AC  0|TAMS 0x000000070aa00000, 0x000000070aa00000|
| 171|0x000000070ab00000, 0x000000070ab00000, 0x000000070ac00000|  0%| F|  |TS  0|AC  0|TAMS 0x000000070ab00000, 0x000000070ab00000|
| 172|0x000000070ac00000, 0x000000070ac00000, 0x000000070ad00000|  0%| F|  |TS  0|AC  0|TAMS 0x000000070ac00000, 0x000000070ac00000|
| 173|0x000000070ad00000, 0x000000070ad00000, 0x000000070ae00000|  0%| F|  |TS  0|AC  0|TAMS 0x000000070ad00000, 0x000000070ad00000|
| 174|0x000000070ae00000, 0x000000070ae00000, 0x000000070af00000|  0%| F|  |TS  0|AC  0|TAMS 0x000000070ae00000, 0x000000070ae00000|
| 175|0x000000070af00000, 0x000000070af00000, 0x000000070b000000|  0%| F|  |TS  0|AC  0|TAMS 0x000000070af00000, 0x000000070af00000|
| 176|0x000000070b000000, 0x000000070b000000, 0x000000070b100000|  0%| F|  |TS  0|AC  0|TAMS 0x000000070b000000, 0x000000070b000000|
| 177|0x000000070b100000, 0x000000070b100000, 0x000000070b200000|  0%| F|  |TS  0|AC  0|TAMS 0x000000070b100000, 0x000000070b100000|
| 178|0x000000070b200000, 0x000000070b200000, 0x000000070b300000|  0%| F|  |TS  0|AC  0|TAMS 0x000000070b200000, 0x000000070b200000|
| 179|0x000000070b300000, 0x000000070b300000, 0x000000070b400000|  0%| F|  |TS  0|AC  0|TAMS 0x000000070b300000, 0x000000070b300000|
| 180|0x000000070b400000, 0x000000070b400000, 0x000000070b500000|  0%| F|  |TS  0|AC  0|TAMS 0x000000070b400000, 0x000000070b400000|
| 181|0x000000070b500000, 0x000000070b500000, 0x000000070b600000|  0%| F|  |TS  0|AC  0|TAMS 0x000000070b500000, 0x000000070b500000|
| 182|0x000000070b600000, 0x000000070b600000, 0x000000070b700000|  0%| F|  |TS  0|AC  0|TAMS 0x000000070b600000, 0x000000070b600000|
| 183|0x000000070b700000, 0x000000070b700000, 0x000000070b800000|  0%| F|  |TS  0|AC  0|TAMS 0x000000070b700000, 0x000000070b700000|
| 184|0x000000070b800000, 0x000000070b800000, 0x000000070b900000|  0%| F|  |TS  0|AC  0|TAMS 0x000000070b800000, 0x000000070b800000|
| 185|0x000000070b900000, 0x000000070b900000, 0x000000070ba00000|  0%| F|  |TS  0|AC  0|TAMS 0x000000070b900000, 0x000000070b900000|
| 186|0x000000070ba00000, 0x000000070ba00000, 0x000000070bb00000|  0%| F|  |TS  0|AC  0|TAMS 0x000000070ba00000, 0x000000070ba00000|
| 187|0x000000070bb00000, 0x000000070bb00000, 0x000000070bc00000|  0%| F|  |TS  0|AC  0|TAMS 0x000000070bb00000, 0x000000070bb00000|
| 188|0x000000070bc00000, 0x000000070bc00000, 0x000000070bd00000|  0%| F|  |TS  0|AC  0|TAMS 0x000000070bc00000, 0x000000070bc00000|
| 189|0x000000070bd00000, 0x000000070bd00000, 0x000000070be00000|  0%| F|  |TS  0|AC  0|TAMS 0x000000070bd00000, 0x000000070bd00000|
| 190|0x000000070be00000, 0x000000070be00000, 0x000000070bf00000|  0%| F|  |TS  0|AC  0|TAMS 0x000000070be00000, 0x000000070be00000|
| 191|0x000000070bf00000, 0x000000070bf00000, 0x000000070c000000|  0%| F|  |TS  0|AC  0|TAMS 0x000000070bf00000, 0x000000070bf00000|
| 192|0x000000070c000000, 0x000000070c000000, 0x000000070c100000|  0%| F|  |TS  0|AC  0|TAMS 0x000000070c000000, 0x000000070c000000|
| 193|0x000000070c100000, 0x000000070c100000, 0x000000070c200000|  0%| F|  |TS  0|AC  0|TAMS 0x000000070c100000, 0x000000070c100000|
| 194|0x000000070c200000, 0x000000070c200000, 0x000000070c300000|  0%| F|  |TS  0|AC  0|TAMS 0x000000070c200000, 0x000000070c200000|
| 195|0x000000070c300000, 0x000000070c300000, 0x000000070c400000|  0%| F|  |TS  0|AC  0|TAMS 0x000000070c300000, 0x000000070c300000|
| 196|0x000000070c400000, 0x000000070c400000, 0x000000070c500000|  0%| F|  |TS  0|AC  0|TAMS 0x000000070c400000, 0x000000070c400000|
| 197|0x000000070c500000, 0x000000070c500000, 0x000000070c600000|  0%| F|  |TS  0|AC  0|TAMS 0x000000070c500000, 0x000000070c500000|
| 198|0x000000070c600000, 0x000000070c600000, 0x000000070c700000|  0%| F|  |TS  0|AC  0|TAMS 0x000000070c600000, 0x000000070c600000|
| 199|0x000000070c700000, 0x000000070c700000, 0x000000070c800000|  0%| F|  |TS  0|AC  0|TAMS 0x000000070c700000, 0x000000070c700000|
| 200|0x000000070c800000, 0x000000070c800000, 0x000000070c900000|  0%| F|  |TS  0|AC  0|TAMS 0x000000070c800000, 0x000000070c800000|
| 201|0x000000070c900000, 0x000000070c900000, 0x000000070ca00000|  0%| F|  |TS  0|AC  0|TAMS 0x000000070c900000, 0x000000070c900000|
| 202|0x000000070ca00000, 0x000000070ca00000, 0x000000070cb00000|  0%| F|  |TS  0|AC  0|TAMS 0x000000070ca00000, 0x000000070ca00000|
| 203|0x000000070cb00000, 0x000000070cb00000, 0x000000070cc00000|  0%| F|  |TS  0|AC  0|TAMS 0x000000070cb00000, 0x000000070cb00000|
| 204|0x000000070cc00000, 0x000000070cc00000, 0x000000070cd00000|  0%| F|  |TS  0|AC  0|TAMS 0x000000070cc00000, 0x000000070cc00000|
| 205|0x000000070cd00000, 0x000000070cd00000, 0x000000070ce00000|  0%| F|  |TS  0|AC  0|TAMS 0x000000070cd00000, 0x000000070cd00000|
| 206|0x000000070ce00000, 0x000000070ce00000, 0x000000070cf00000|  0%| F|  |TS  0|AC  0|TAMS 0x000000070ce00000, 0x000000070ce00000|
| 207|0x000000070cf00000, 0x000000070cf00000, 0x000000070d000000|  0%| F|  |TS  0|AC  0|TAMS 0x000000070cf00000, 0x000000070cf00000|
| 208|0x000000070d000000, 0x000000070d000000, 0x000000070d100000|  0%| F|  |TS  0|AC  0|TAMS 0x000000070d000000, 0x000000070d000000|
| 209|0x000000070d100000, 0x000000070d100000, 0x000000070d200000|  0%| F|  |TS  0|AC  0|TAMS 0x000000070d100000, 0x000000070d100000|
| 210|0x000000070d200000, 0x000000070d200000, 0x000000070d300000|  0%| F|  |TS  0|AC  0|TAMS 0x000000070d200000, 0x000000070d200000|
| 211|0x000000070d300000, 0x000000070d300000, 0x000000070d400000|  0%| F|  |TS  0|AC  0|TAMS 0x000000070d300000, 0x000000070d300000|
| 212|0x000000070d400000, 0x000000070d400000, 0x000000070d500000|  0%| F|  |TS  0|AC  0|TAMS 0x000000070d400000, 0x000000070d400000|
| 213|0x000000070d500000, 0x000000070d500000, 0x000000070d600000|  0%| F|  |TS  0|AC  0|TAMS 0x000000070d500000, 0x000000070d500000|
| 214|0x000000070d600000, 0x000000070d600000, 0x000000070d700000|  0%| F|  |TS  0|AC  0|TAMS 0x000000070d600000, 0x000000070d600000|
| 215|0x000000070d700000, 0x000000070d700000, 0x000000070d800000|  0%| F|  |TS  0|AC  0|TAMS 0x000000070d700000, 0x000000070d700000|
| 216|0x000000070d800000, 0x000000070d800000, 0x000000070d900000|  0%| F|  |TS  0|AC  0|TAMS 0x000000070d800000, 0x000000070d800000|
| 217|0x000000070d900000, 0x000000070d900000, 0x000000070da00000|  0%| F|  |TS  0|AC  0|TAMS 0x000000070d900000, 0x000000070d900000|
| 218|0x000000070da00000, 0x000000070da00000, 0x000000070db00000|  0%| F|  |TS  0|AC  0|TAMS 0x000000070da00000, 0x000000070da00000|
| 219|0x000000070db00000, 0x000000070db00000, 0x000000070dc00000|  0%| F|  |TS  0|AC  0|TAMS 0x000000070db00000, 0x000000070db00000|
| 220|0x000000070dc00000, 0x000000070dc00000, 0x000000070dd00000|  0%| F|  |TS  0|AC  0|TAMS 0x000000070dc00000, 0x000000070dc00000|
| 221|0x000000070dd00000, 0x000000070dd00000, 0x000000070de00000|  0%| F|  |TS  0|AC  0|TAMS 0x000000070dd00000, 0x000000070dd00000|
| 222|0x000000070de00000, 0x000000070de00000, 0x000000070df00000|  0%| F|  |TS  0|AC  0|TAMS 0x000000070de00000, 0x000000070de00000|
| 223|0x000000070df00000, 0x000000070df00000, 0x000000070e000000|  0%| F|  |TS  0|AC  0|TAMS 0x000000070df00000, 0x000000070df00000|
| 224|0x000000070e000000, 0x000000070e000000, 0x000000070e100000|  0%| F|  |TS  0|AC  0|TAMS 0x000000070e000000, 0x000000070e000000|
| 225|0x000000070e100000, 0x000000070e100000, 0x000000070e200000|  0%| F|  |TS  0|AC  0|TAMS 0x000000070e100000, 0x000000070e100000|
| 226|0x000000070e200000, 0x000000070e200000, 0x000000070e300000|  0%| F|  |TS  0|AC  0|TAMS 0x000000070e200000, 0x000000070e200000|
| 227|0x000000070e300000, 0x000000070e300000, 0x000000070e400000|  0%| F|  |TS  0|AC  0|TAMS 0x000000070e300000, 0x000000070e300000|
| 228|0x000000070e400000, 0x000000070e400000, 0x000000070e500000|  0%| F|  |TS  0|AC  0|TAMS 0x000000070e400000, 0x000000070e400000|
| 229|0x000000070e500000, 0x000000070e500000, 0x000000070e600000|  0%| F|  |TS  0|AC  0|TAMS 0x000000070e500000, 0x000000070e500000|
| 230|0x000000070e600000, 0x000000070e600000, 0x000000070e700000|  0%| F|  |TS  0|AC  0|TAMS 0x000000070e600000, 0x000000070e600000|
| 231|0x000000070e700000, 0x000000070e700000, 0x000000070e800000|  0%| F|  |TS  0|AC  0|TAMS 0x000000070e700000, 0x000000070e700000|
| 232|0x000000070e800000, 0x000000070e800000, 0x000000070e900000|  0%| F|  |TS  0|AC  0|TAMS 0x000000070e800000, 0x000000070e800000|
| 233|0x000000070e900000, 0x000000070e900000, 0x000000070ea00000|  0%| F|  |TS  0|AC  0|TAMS 0x000000070e900000, 0x000000070e900000|
| 234|0x000000070ea00000, 0x000000070ea00000, 0x000000070eb00000|  0%| F|  |TS  0|AC  0|TAMS 0x000000070ea00000, 0x000000070ea00000|
| 235|0x000000070eb00000, 0x000000070eb00000, 0x000000070ec00000|  0%| F|  |TS  0|AC  0|TAMS 0x000000070eb00000, 0x000000070eb00000|
| 236|0x000000070ec00000, 0x000000070ec00000, 0x000000070ed00000|  0%| F|  |TS  0|AC  0|TAMS 0x000000070ec00000, 0x000000070ec00000|
| 237|0x000000070ed00000, 0x000000070ed00000, 0x000000070ee00000|  0%| F|  |TS  0|AC  0|TAMS 0x000000070ed00000, 0x000000070ed00000|
| 238|0x000000070ee00000, 0x000000070ee00000, 0x000000070ef00000|  0%| F|  |TS  0|AC  0|TAMS 0x000000070ee00000, 0x000000070ee00000|
| 239|0x000000070ef00000, 0x000000070ef00000, 0x000000070f000000|  0%| F|  |TS  0|AC  0|TAMS 0x000000070ef00000, 0x000000070ef00000|
| 240|0x000000070f000000, 0x000000070f000000, 0x000000070f100000|  0%| F|  |TS  0|AC  0|TAMS 0x000000070f000000, 0x000000070f000000|
| 241|0x000000070f100000, 0x000000070f100000, 0x000000070f200000|  0%| F|  |TS  0|AC  0|TAMS 0x000000070f100000, 0x000000070f100000|
| 242|0x000000070f200000, 0x000000070f200000, 0x000000070f300000|  0%| F|  |TS  0|AC  0|TAMS 0x000000070f200000, 0x000000070f200000|
| 243|0x000000070f300000, 0x000000070f300000, 0x000000070f400000|  0%| F|  |TS  0|AC  0|TAMS 0x000000070f300000, 0x000000070f300000|
| 244|0x000000070f400000, 0x000000070f400000, 0x000000070f500000|  0%| F|  |TS  0|AC  0|TAMS 0x000000070f400000, 0x000000070f400000|
| 245|0x000000070f500000, 0x000000070f500000, 0x000000070f600000|  0%| F|  |TS  0|AC  0|TAMS 0x000000070f500000, 0x000000070f500000|
| 246|0x000000070f600000, 0x000000070f600000, 0x000000070f700000|  0%| F|  |TS  0|AC  0|TAMS 0x000000070f600000, 0x000000070f600000|
| 247|0x000000070f700000, 0x000000070f700000, 0x000000070f800000|  0%| F|  |TS  0|AC  0|TAMS 0x000000070f700000, 0x000000070f700000|
| 248|0x000000070f800000, 0x000000070f800000, 0x000000070f900000|  0%| F|  |TS  0|AC  0|TAMS 0x000000070f800000, 0x000000070f800000|
| 249|0x000000070f900000, 0x000000070f900000, 0x000000070fa00000|  0%| F|  |TS  0|AC  0|TAMS 0x000000070f900000, 0x000000070f900000|
| 250|0x000000070fa00000, 0x000000070fa00000, 0x000000070fb00000|  0%| F|  |TS  0|AC  0|TAMS 0x000000070fa00000, 0x000000070fa00000|
| 251|0x000000070fb00000, 0x000000070fb00000, 0x000000070fc00000|  0%| F|  |TS  0|AC  0|TAMS 0x000000070fb00000, 0x000000070fb00000|
| 252|0x000000070fc00000, 0x000000070fc00000, 0x000000070fd00000|  0%| F|  |TS  0|AC  0|TAMS 0x000000070fc00000, 0x000000070fc00000|
| 253|0x000000070fd00000, 0x000000070fd00000, 0x000000070fe00000|  0%| F|  |TS  0|AC  0|TAMS 0x000000070fd00000, 0x000000070fd00000|
| 254|0x000000070fe00000, 0x000000070fe00000, 0x000000070ff00000|  0%| F|  |TS  0|AC  0|TAMS 0x000000070fe00000, 0x000000070fe00000|
| 255|0x000000070ff00000, 0x000000070ff00000, 0x0000000710000000|  0%| F|  |TS  0|AC  0|TAMS 0x000000070ff00000, 0x000000070ff00000|
| 256|0x0000000710000000, 0x0000000710000000, 0x0000000710100000|  0%| F|  |TS  0|AC  0|TAMS 0x0000000710000000, 0x0000000710000000|
| 257|0x0000000710100000, 0x0000000710100000, 0x0000000710200000|  0%| F|  |TS  0|AC  0|TAMS 0x0000000710100000, 0x0000000710100000|
| 258|0x0000000710200000, 0x0000000710200000, 0x0000000710300000|  0%| F|  |TS  0|AC  0|TAMS 0x0000000710200000, 0x0000000710200000|
| 259|0x0000000710300000, 0x0000000710300000, 0x0000000710400000|  0%| F|  |TS  0|AC  0|TAMS 0x0000000710300000, 0x0000000710300000|
| 260|0x0000000710400000, 0x0000000710400000, 0x0000000710500000|  0%| F|  |TS  0|AC  0|TAMS 0x0000000710400000, 0x0000000710400000|
| 261|0x0000000710500000, 0x0000000710500000, 0x0000000710600000|  0%| F|  |TS  0|AC  0|TAMS 0x0000000710500000, 0x0000000710500000|
| 262|0x0000000710600000, 0x0000000710600000, 0x0000000710700000|  0%| F|  |TS  0|AC  0|TAMS 0x0000000710600000, 0x0000000710600000|
| 263|0x0000000710700000, 0x0000000710700000, 0x0000000710800000|  0%| F|  |TS  0|AC  0|TAMS 0x0000000710700000, 0x0000000710700000|
| 264|0x0000000710800000, 0x0000000710800000, 0x0000000710900000|  0%| F|  |TS  0|AC  0|TAMS 0x0000000710800000, 0x0000000710800000|
| 265|0x0000000710900000, 0x0000000710900000, 0x0000000710a00000|  0%| F|  |TS  0|AC  0|TAMS 0x0000000710900000, 0x0000000710900000|
| 266|0x0000000710a00000, 0x0000000710a00000, 0x0000000710b00000|  0%| F|  |TS  0|AC  0|TAMS 0x0000000710a00000, 0x0000000710a00000|
| 267|0x0000000710b00000, 0x0000000710b00000, 0x0000000710c00000|  0%| F|  |TS  0|AC  0|TAMS 0x0000000710b00000, 0x0000000710b00000|
| 268|0x0000000710c00000, 0x0000000710c00000, 0x0000000710d00000|  0%| F|  |TS  0|AC  0|TAMS 0x0000000710c00000, 0x0000000710c00000|
| 269|0x0000000710d00000, 0x0000000710d00000, 0x0000000710e00000|  0%| F|  |TS  0|AC  0|TAMS 0x0000000710d00000, 0x0000000710d00000|
| 270|0x0000000710e00000, 0x0000000710e00000, 0x0000000710f00000|  0%| F|  |TS  0|AC  0|TAMS 0x0000000710e00000, 0x0000000710e00000|
| 271|0x0000000710f00000, 0x0000000710f00000, 0x0000000711000000|  0%| F|  |TS  0|AC  0|TAMS 0x0000000710f00000, 0x0000000710f00000|
| 272|0x0000000711000000, 0x0000000711000000, 0x0000000711100000|  0%| F|  |TS  0|AC  0|TAMS 0x0000000711000000, 0x0000000711000000|
| 273|0x0000000711100000, 0x0000000711100000, 0x0000000711200000|  0%| F|  |TS  0|AC  0|TAMS 0x0000000711100000, 0x0000000711100000|
| 274|0x0000000711200000, 0x0000000711200000, 0x0000000711300000|  0%| F|  |TS  0|AC  0|TAMS 0x0000000711200000, 0x0000000711200000|
| 275|0x0000000711300000, 0x0000000711300000, 0x0000000711400000|  0%| F|  |TS  0|AC  0|TAMS 0x0000000711300000, 0x0000000711300000|
| 276|0x0000000711400000, 0x0000000711400000, 0x0000000711500000|  0%| F|  |TS  0|AC  0|TAMS 0x0000000711400000, 0x0000000711400000|
| 277|0x0000000711500000, 0x0000000711500000, 0x0000000711600000|  0%| F|  |TS  0|AC  0|TAMS 0x0000000711500000, 0x0000000711500000|
| 278|0x0000000711600000, 0x0000000711600000, 0x0000000711700000|  0%| F|  |TS  0|AC  0|TAMS 0x0000000711600000, 0x0000000711600000|
| 279|0x0000000711700000, 0x0000000711700000, 0x0000000711800000|  0%| F|  |TS  0|AC  0|TAMS 0x0000000711700000, 0x0000000711700000|
| 280|0x0000000711800000, 0x0000000711800000, 0x0000000711900000|  0%| F|  |TS  0|AC  0|TAMS 0x0000000711800000, 0x0000000711800000|
| 281|0x0000000711900000, 0x0000000711900000, 0x0000000711a00000|  0%| F|  |TS  0|AC  0|TAMS 0x0000000711900000, 0x0000000711900000|
| 282|0x0000000711a00000, 0x0000000711a00000, 0x0000000711b00000|  0%| F|  |TS  0|AC  0|TAMS 0x0000000711a00000, 0x0000000711a00000|
| 283|0x0000000711b00000, 0x0000000711b00000, 0x0000000711c00000|  0%| F|  |TS  0|AC  0|TAMS 0x0000000711b00000, 0x0000000711b00000|
| 284|0x0000000711c00000, 0x0000000711c00000, 0x0000000711d00000|  0%| F|  |TS  0|AC  0|TAMS 0x0000000711c00000, 0x0000000711c00000|
| 285|0x0000000711d00000, 0x0000000711d00000, 0x0000000711e00000|  0%| F|  |TS  0|AC  0|TAMS 0x0000000711d00000, 0x0000000711d00000|
| 286|0x0000000711e00000, 0x0000000711e00000, 0x0000000711f00000|  0%| F|  |TS  0|AC  0|TAMS 0x0000000711e00000, 0x0000000711e00000|
| 287|0x0000000711f00000, 0x0000000711f00000, 0x0000000712000000|  0%| F|  |TS  0|AC  0|TAMS 0x0000000711f00000, 0x0000000711f00000|
| 288|0x0000000712000000, 0x0000000712000000, 0x0000000712100000|  0%| F|  |TS  0|AC  0|TAMS 0x0000000712000000, 0x0000000712000000|
| 289|0x0000000712100000, 0x0000000712100000, 0x0000000712200000|  0%| F|  |TS  0|AC  0|TAMS 0x0000000712100000, 0x0000000712100000|
| 290|0x0000000712200000, 0x0000000712200000, 0x0000000712300000|  0%| F|  |TS  0|AC  0|TAMS 0x0000000712200000, 0x0000000712200000|
| 291|0x0000000712300000, 0x0000000712300000, 0x0000000712400000|  0%| F|  |TS  0|AC  0|TAMS 0x0000000712300000, 0x0000000712300000|
| 292|0x0000000712400000, 0x0000000712400000, 0x0000000712500000|  0%| F|  |TS  0|AC  0|TAMS 0x0000000712400000, 0x0000000712400000|
| 293|0x0000000712500000, 0x0000000712500000, 0x0000000712600000|  0%| F|  |TS  0|AC  0|TAMS 0x0000000712500000, 0x0000000712500000|
| 294|0x0000000712600000, 0x0000000712600000, 0x0000000712700000|  0%| F|  |TS  0|AC  0|TAMS 0x0000000712600000, 0x0000000712600000|
| 295|0x0000000712700000, 0x0000000712700000, 0x0000000712800000|  0%| F|  |TS  0|AC  0|TAMS 0x0000000712700000, 0x0000000712700000|
| 296|0x0000000712800000, 0x0000000712800000, 0x0000000712900000|  0%| F|  |TS  0|AC  0|TAMS 0x0000000712800000, 0x0000000712800000|
| 297|0x0000000712900000, 0x0000000712900000, 0x0000000712a00000|  0%| F|  |TS  0|AC  0|TAMS 0x0000000712900000, 0x0000000712900000|
| 298|0x0000000712a00000, 0x0000000712a00000, 0x0000000712b00000|  0%| F|  |TS  0|AC  0|TAMS 0x0000000712a00000, 0x0000000712a00000|
| 299|0x0000000712b00000, 0x0000000712b00000, 0x0000000712c00000|  0%| F|  |TS  0|AC  0|TAMS 0x0000000712b00000, 0x0000000712b00000|
| 300|0x0000000712c00000, 0x0000000712c00000, 0x0000000712d00000|  0%| F|  |TS  0|AC  0|TAMS 0x0000000712c00000, 0x0000000712c00000|
| 301|0x0000000712d00000, 0x0000000712d00000, 0x0000000712e00000|  0%| F|  |TS  0|AC  0|TAMS 0x0000000712d00000, 0x0000000712d00000|
| 302|0x0000000712e00000, 0x0000000712e00000, 0x0000000712f00000|  0%| F|  |TS  0|AC  0|TAMS 0x0000000712e00000, 0x0000000712e00000|
| 303|0x0000000712f00000, 0x0000000712f00000, 0x0000000713000000|  0%| F|  |TS  0|AC  0|TAMS 0x0000000712f00000, 0x0000000712f00000|
| 304|0x0000000713000000, 0x0000000713000000, 0x0000000713100000|  0%| F|  |TS  0|AC  0|TAMS 0x0000000713000000, 0x0000000713000000|
| 305|0x0000000713100000, 0x0000000713100000, 0x0000000713200000|  0%| F|  |TS  0|AC  0|TAMS 0x0000000713100000, 0x0000000713100000|
| 306|0x0000000713200000, 0x0000000713200000, 0x0000000713300000|  0%| F|  |TS  0|AC  0|TAMS 0x0000000713200000, 0x0000000713200000|
| 307|0x0000000713300000, 0x0000000713300000, 0x0000000713400000|  0%| F|  |TS  0|AC  0|TAMS 0x0000000713300000, 0x0000000713300000|
| 308|0x0000000713400000, 0x0000000713400000, 0x0000000713500000|  0%| F|  |TS  0|AC  0|TAMS 0x0000000713400000, 0x0000000713400000|
| 309|0x0000000713500000, 0x0000000713500000, 0x0000000713600000|  0%| F|  |TS  0|AC  0|TAMS 0x0000000713500000, 0x0000000713500000|
| 310|0x0000000713600000, 0x0000000713600000, 0x0000000713700000|  0%| F|  |TS  0|AC  0|TAMS 0x0000000713600000, 0x0000000713600000|
| 311|0x0000000713700000, 0x0000000713700000, 0x0000000713800000|  0%| F|  |TS  0|AC  0|TAMS 0x0000000713700000, 0x0000000713700000|
| 312|0x0000000713800000, 0x0000000713800000, 0x0000000713900000|  0%| F|  |TS  0|AC  0|TAMS 0x0000000713800000, 0x0000000713800000|
| 313|0x0000000713900000, 0x0000000713900000, 0x0000000713a00000|  0%| F|  |TS  0|AC  0|TAMS 0x0000000713900000, 0x0000000713900000|
| 314|0x0000000713a00000, 0x0000000713a00000, 0x0000000713b00000|  0%| F|  |TS  0|AC  0|TAMS 0x0000000713a00000, 0x0000000713a00000|
| 315|0x0000000713b00000, 0x0000000713b19c58, 0x0000000713c00000| 10%| E|  |TS  0|AC  0|TAMS 0x0000000713b00000, 0x0000000713b00000|
| 316|0x0000000713c00000, 0x0000000713d00000, 0x0000000713d00000|100%| E|CS|TS  0|AC  0|TAMS 0x0000000713c00000, 0x0000000713c00000|
| 317|0x0000000713d00000, 0x0000000713e00000, 0x0000000713e00000|100%| E|CS|TS  0|AC  0|TAMS 0x0000000713d00000, 0x0000000713d00000|
| 318|0x0000000713e00000, 0x0000000713f00000, 0x0000000713f00000|100%| E|CS|TS  0|AC  0|TAMS 0x0000000713e00000, 0x0000000713e00000|
| 319|0x0000000713f00000, 0x0000000714000000, 0x0000000714000000|100%| E|CS|TS  0|AC  0|TAMS 0x0000000713f00000, 0x0000000713f00000|

Card table byte_map: [0x0000022f9ab60000,0x0000022f9b160000] byte_map_base: 0x0000022f97360000

Marking Bits (Prev, Next): (CMBitMap*) 0x0000022f81ae8720, (CMBitMap*) 0x0000022f81ae8758
 Prev Bits: [0x0000022f9b760000, 0x0000022f9e760000)
 Next Bits: [0x0000022f9e760000, 0x0000022fa1760000)

Polling page: 0x0000022f80110000

CodeHeap 'non-profiled nmethods': size=120000Kb used=26231Kb max_used=27331Kb free=93768Kb
 bounds [0x0000022f921a0000, 0x0000022f93c60000, 0x0000022f996d0000]
CodeHeap 'profiled nmethods': size=120000Kb used=46985Kb max_used=51127Kb free=73014Kb
 bounds [0x0000022f8ac70000, 0x0000022f8dec0000, 0x0000022f921a0000]
CodeHeap 'non-nmethods': size=5760Kb used=1872Kb max_used=1933Kb free=3887Kb
 bounds [0x0000022f8a6d0000, 0x0000022f8a940000, 0x0000022f8ac70000]
 total_blobs=40500 nmethods=19938 adapters=1244
 compilation: enabled

Compilation events (10 events):
Event: 4931.343 Thread 0x0000022f831a1800 nmethod 27157 0x0000022f932fb290 code [0x0000022f932fb620, 0x0000022f932fd620]
Event: 4931.430 Thread 0x0000022f831a0800 nmethod 27154 0x0000022f932f0110 code [0x0000022f932f0860, 0x0000022f932f6f28]
Event: 4931.736 Thread 0x0000022f831a2000 27158       3       ui.utils.m::log (8 bytes)
Event: 4931.736 Thread 0x0000022f831a0000 27159       4       javax.swing.text.GapContent::insertString (54 bytes)
Event: 4931.737 Thread 0x0000022f831a1800 27160   !   4       javax.swing.text.AbstractDocument::fireInsertUpdate (69 bytes)
Event: 4931.737 Thread 0x0000022f831a2000 nmethod 27158 0x0000022f8bd9b990 code [0x0000022f8bd9bb80, 0x0000022f8bd9c100]
Event: 4931.739 Thread 0x0000022f831a1800 nmethod 27160 0x0000022f93209f90 code [0x0000022f9320a140, 0x0000022f9320a378]
Event: 4931.741 Thread 0x0000022f831a0000 nmethod 27159 0x0000022f9322ce90 code [0x0000022f9322d060, 0x0000022f9322d5a8]
Event: 4935.722 Thread 0x0000022f831a2000 27161       3       javax.swing.JTabbedPane::getMnemonicAt (24 bytes)
Event: 4935.722 Thread 0x0000022f831a2000 nmethod 27161 0x0000022f8bd2ea90 code [0x0000022f8bd2ec60, 0x0000022f8bd2efe0]

GC Heap History (10 events):
Event: 4924.351 GC heap before
{Heap before GC invocations=843 (full 36):
 garbage-first heap   total 272384K, used 199565K [0x0000000700000000, 0x0000000700100850, 0x00000007c0000000)
  region size 1024K, 60 young (61440K), 2 survivors (2048K)
 Metaspace       used 96253K, capacity 98400K, committed 106288K, reserved 1140736K
  class space    used 13068K, capacity 13516K, committed 15152K, reserved 1048576K
}
Event: 4924.356 GC heap after
{Heap after GC invocations=844 (full 36):
 garbage-first heap   total 272384K, used 140271K [0x0000000700000000, 0x0000000700100850, 0x00000007c0000000)
  region size 1024K, 2 young (2048K), 2 survivors (2048K)
 Metaspace       used 96253K, capacity 98400K, committed 106288K, reserved 1140736K
  class space    used 13068K, capacity 13516K, committed 15152K, reserved 1048576K
}
Event: 4924.646 GC heap before
{Heap before GC invocations=845 (full 36):
 garbage-first heap   total 272384K, used 199663K [0x0000000700000000, 0x0000000700100850, 0x00000007c0000000)
  region size 1024K, 60 young (61440K), 2 survivors (2048K)
 Metaspace       used 96256K, capacity 98400K, committed 106288K, reserved 1140736K
  class space    used 13068K, capacity 13516K, committed 15152K, reserved 1048576K
}
Event: 4924.651 GC heap after
{Heap after GC invocations=846 (full 36):
 garbage-first heap   total 272384K, used 140443K [0x0000000700000000, 0x0000000700100850, 0x00000007c0000000)
  region size 1024K, 2 young (2048K), 2 survivors (2048K)
 Metaspace       used 96256K, capacity 98400K, committed 106288K, reserved 1140736K
  class space    used 13068K, capacity 13516K, committed 15152K, reserved 1048576K
}
Event: 4929.753 GC heap before
{Heap before GC invocations=846 (full 36):
 garbage-first heap   total 272384K, used 199835K [0x0000000700000000, 0x0000000700100850, 0x00000007c0000000)
  region size 1024K, 60 young (61440K), 2 survivors (2048K)
 Metaspace       used 96375K, capacity 98620K, committed 106288K, reserved 1140736K
  class space    used 13097K, capacity 13564K, committed 15152K, reserved 1048576K
}
Event: 4929.762 GC heap after
{Heap after GC invocations=847 (full 36):
 garbage-first heap   total 327680K, used 141501K [0x0000000700000000, 0x0000000700100a00, 0x00000007c0000000)
  region size 1024K, 3 young (3072K), 3 survivors (3072K)
 Metaspace       used 96375K, capacity 98620K, committed 106288K, reserved 1140736K
  class space    used 13097K, capacity 13564K, committed 15152K, reserved 1048576K
}
Event: 4931.286 GC heap before
{Heap before GC invocations=848 (full 36):
 garbage-first heap   total 327680K, used 199869K [0x0000000700000000, 0x0000000700100a00, 0x00000007c0000000)
  region size 1024K, 60 young (61440K), 3 survivors (3072K)
 Metaspace       used 96439K, capacity 98696K, committed 106288K, reserved 1140736K
  class space    used 13100K, capacity 13566K, committed 15152K, reserved 1048576K
}
Event: 4931.292 GC heap after
{Heap after GC invocations=849 (full 36):
 garbage-first heap   total 327680K, used 138453K [0x0000000700000000, 0x0000000700100a00, 0x00000007c0000000)
  region size 1024K, 3 young (3072K), 3 survivors (3072K)
 Metaspace       used 96439K, capacity 98696K, committed 106288K, reserved 1140736K
  class space    used 13100K, capacity 13566K, committed 15152K, reserved 1048576K
}
Event: 4933.414 GC heap before
{Heap before GC invocations=849 (full 36):
 garbage-first heap   total 327680K, used 156885K [0x0000000700000000, 0x0000000700100a00, 0x00000007c0000000)
  region size 1024K, 22 young (22528K), 3 survivors (3072K)
 Metaspace       used 96439K, capacity 98696K, committed 106288K, reserved 1140736K
  class space    used 13100K, capacity 13566K, committed 15152K, reserved 1048576K
}
Event: 4933.766 GC heap after
{Heap after GC invocations=850 (full 37):
 garbage-first heap   total 327680K, used 134580K [0x0000000700000000, 0x0000000700100a00, 0x00000007c0000000)
  region size 1024K, 0 young (0K), 0 survivors (0K)
 Metaspace       used 96439K, capacity 98696K, committed 106288K, reserved 1140736K
  class space    used 13100K, capacity 13566K, committed 15152K, reserved 1048576K
}

Deoptimization events (10 events):
Event: 4902.420 Thread 0x0000022fa59ed000 Uncommon trap: reason=class_check action=maybe_recompile pc=0x0000022f929ec688 method=java.awt.Component.updateZOrder()V @ 8 c2
Event: 4923.418 Thread 0x0000022fa59ed000 Uncommon trap: reason=bimorphic_or_optimized_type_check action=maybe_recompile pc=0x0000022f92e6b654 method=ui.views.cn.a(Lui/data/bp;Z)Ljavax/swing/Icon; @ 2 c2
Event: 4923.418 Thread 0x0000022fa59ed000 Uncommon trap: reason=unstable_if action=reinterpret pc=0x0000022f93664db4 method=ui.views.cn.bs(Lui/data/bp;)Lui/c/d; @ 2818 c2
Event: 4923.418 Thread 0x0000022fa59ed000 Uncommon trap: reason=bimorphic_or_optimized_type_check action=maybe_recompile pc=0x0000022f92e6b654 method=ui.views.cn.a(Lui/data/bp;Z)Ljavax/swing/Icon; @ 2 c2
Event: 4923.418 Thread 0x0000022fa59ed000 Uncommon trap: reason=bimorphic_or_optimized_type_check action=maybe_recompile pc=0x0000022f92e6b654 method=ui.views.cn.a(Lui/data/bp;Z)Ljavax/swing/Icon; @ 2 c2
Event: 4924.190 Thread 0x0000022fa59ed000 Uncommon trap: reason=null_check action=make_not_entrant pc=0x0000022f9375e3d0 method=java.awt.Component.requestFocusHelper(ZZLjava/awt/event/FocusEvent$Cause;)Z @ 7 c2
Event: 4925.193 Thread 0x0000022fa59ed000 Uncommon trap: reason=unstable_if action=reinterpret pc=0x0000022f9288e1c0 method=java.util.regex.Pattern.lambda$DOT$5(I)Z @ 3 c2
Event: 4929.860 Thread 0x0000022f8316c800 Uncommon trap: reason=unstable_if action=reinterpret pc=0x0000022f92df9d28 method=ui.data.common.L.finalize()V @ 6 c2
Event: 4929.890 Thread 0x0000022fa59ed000 Uncommon trap: reason=unstable_if action=reinterpret pc=0x0000022f935b9bcc method=ui.views.O.f.d.YC()Lui/data/bp; @ 18 c2
Event: 4929.890 Thread 0x0000022fa59ed000 Uncommon trap: reason=unstable_if action=reinterpret pc=0x0000022f935b6274 method=ui.views.O.f.d.YC()Lui/data/bp; @ 18 c2

Classes redefined (0 events):
No events

Internal exceptions (10 events):
Event: 4576.394 Thread 0x0000022fa59ed000 Exception <a 'java/io/FileNotFoundException'{0x00000007104136a8}> (0x00000007104136a8) thrown at [t:/workspace/hotspot/src/share/vm/prims/jni.cpp, line 604]
Event: 4581.396 Thread 0x0000022fa59ed000 Exception <a 'java/io/FileNotFoundException'{0x0000000710170c58}> (0x0000000710170c58) thrown at [t:/workspace/hotspot/src/share/vm/prims/jni.cpp, line 604]
Event: 4586.397 Thread 0x0000022fa59ed000 Exception <a 'java/io/FileNotFoundException'{0x000000070fe5bed8}> (0x000000070fe5bed8) thrown at [t:/workspace/hotspot/src/share/vm/prims/jni.cpp, line 604]
Event: 4591.399 Thread 0x0000022fa59ed000 Exception <a 'java/io/FileNotFoundException'{0x000000070fbf6540}> (0x000000070fbf6540) thrown at [t:/workspace/hotspot/src/share/vm/prims/jni.cpp, line 604]
Event: 4687.805 Thread 0x0000022fb012d000 Exception <a 'java/lang/InterruptedException'{0x0000000710700cb8}: sleep interrupted> (0x0000000710700cb8) thrown at [t:/workspace/hotspot/src/share/vm/prims/jvm.cpp, line 2984]
Event: 4843.853 Thread 0x0000022fa59ed000 Implicit null exception at 0x0000022f92c55c20 to 0x0000022f92c55ec9
Event: 4843.853 Thread 0x0000022fa59ed000 Implicit null exception at 0x0000022f92c29cf2 to 0x0000022f92c2a049
Event: 4900.637 Thread 0x0000022fa59ed000 Implicit null exception at 0x0000022f933b52a5 to 0x0000022f933b6521
Event: 4924.190 Thread 0x0000022fa59ed000 Implicit null exception at 0x0000022f93759f3b to 0x0000022f9375e3ad
Event: 4925.192 Thread 0x0000022fa59ed000 Exception <a 'java/lang/NoSuchMethodError'{0x000000070f4841e0}: java.lang.invoke.DelegatingMethodHandle$Holder.reinvoke_L(Ljava/lang/Object;IIILjava/lang/Object;Ljava/lang/Object;Ljava/lang/Object;Ljava/lang/Object;)Ljava/lang/Object;> (0x000000070f4841e0

Events (10 events):
Event: 4933.414 Thread 0x0000022fb0137000 Thread exited: 0x0000022fb0137000
Event: 4933.414 Executing VM operation: G1CollectFull
Event: 4933.766 Executing VM operation: G1CollectFull done
Event: 4933.767 Thread 0x0000022fb012e800 Thread exited: 0x0000022fb012e800
Event: 4933.769 Executing VM operation: RevokeBias
Event: 4933.769 Executing VM operation: RevokeBias done
Event: 4934.282 Thread 0x0000022fb012e800 Thread added: 0x0000022fb012e800
Event: 4934.284 Thread 0x0000022fb012e800 Thread exited: 0x0000022fb012e800
Event: 4935.283 Thread 0x0000022fb012e800 Thread added: 0x0000022fb012e800
Event: 4935.285 Thread 0x0000022fb012e800 Thread exited: 0x0000022fb012e800


Dynamic libraries:
0x00007ff717c10000 - 0x00007ff717c40000 	D:\vivado2018\Vivado\2018.3\bin\unwrapped\win64.o\vivado.exe
0x00007ffbcfe80000 - 0x00007ffbd0061000 	C:\WINDOWS\SYSTEM32\ntdll.dll
0x00007ffbcf2c0000 - 0x00007ffbcf371000 	C:\WINDOWS\System32\KERNEL32.DLL
0x00007ffbccea0000 - 0x00007ffbcd113000 	C:\WINDOWS\System32\KERNELBASE.dll
0x00007ffbcc320000 - 0x00007ffbcc418000 	C:\WINDOWS\System32\ucrtbase.dll
0x00007ffbc2150000 - 0x00007ffbc21e9000 	C:\WINDOWS\SYSTEM32\MSVCP140.dll
0x00007ffbc21f0000 - 0x00007ffbc2206000 	C:\WINDOWS\SYSTEM32\VCRUNTIME140.dll
0x00007ffbbdf50000 - 0x00007ffbbdf64000 	D:\vivado2018\Vivado\2018.3\lib\win64.o\librdi_commonmain.dll
0x00007ffbbf190000 - 0x00007ffbbf1a4000 	D:\vivado2018\Vivado\2018.3\lib\win64.o\libboost_signals.dll
0x00007ffbbdc50000 - 0x00007ffbbdc76000 	D:\vivado2018\Vivado\2018.3\lib\win64.o\libboost_filesystem.dll
0x00007ffbcfb60000 - 0x00007ffbcfc01000 	C:\WINDOWS\System32\ADVAPI32.dll
0x00007ffbcfac0000 - 0x00007ffbcfb5e000 	C:\WINDOWS\System32\msvcrt.dll
0x00007ffbcf500000 - 0x00007ffbcf55b000 	C:\WINDOWS\System32\sechost.dll
0x00007ffbcfcf0000 - 0x00007ffbcfe14000 	C:\WINDOWS\System32\RPCRT4.dll
0x00007ffbbf210000 - 0x00007ffbbf21a000 	D:\vivado2018\Vivado\2018.3\lib\win64.o\librdi_commonversion.dll
0x00007ffba18e0000 - 0x00007ffba1a01000 	D:\vivado2018\Vivado\2018.3\lib\win64.o\librdi_commonxillic.dll
0x00007ffbcd370000 - 0x00007ffbcd500000 	C:\WINDOWS\System32\USER32.dll
0x00007ffbcce80000 - 0x00007ffbccea0000 	C:\WINDOWS\System32\win32u.dll
0x00007ffbcfe20000 - 0x00007ffbcfe48000 	C:\WINDOWS\System32\GDI32.dll
0x00007ffbccce0000 - 0x00007ffbcce72000 	C:\WINDOWS\System32\gdi32full.dll
0x00007ffbccb90000 - 0x00007ffbccc2f000 	C:\WINDOWS\System32\msvcp_win.dll
0x000000005d020000 - 0x000000005d14b000 	D:\vivado2018\Vivado\2018.3\lib\win64.o\tcl85t.dll
0x00007ffbcebf0000 - 0x00007ffbcec5c000 	C:\WINDOWS\System32\WS2_32.dll
0x00007ffb9c080000 - 0x00007ffb9cf14000 	D:\vivado2018\Vivado\2018.3\lib\win64.o\librdi_common.dll
0x00007ffbbf1e0000 - 0x00007ffbbf1eb000 	D:\vivado2018\Vivado\2018.3\lib\win64.o\libboost_system.dll
0x00007ffbcd560000 - 0x00007ffbce9a0000 	C:\WINDOWS\System32\SHELL32.dll
0x00007ffbcc2d0000 - 0x00007ffbcc319000 	C:\WINDOWS\System32\cfgmgr32.dll
0x00007ffbcf560000 - 0x00007ffbcf609000 	C:\WINDOWS\System32\shcore.dll
0x00007ffbcf790000 - 0x00007ffbcfab2000 	C:\WINDOWS\System32\combase.dll
0x00007ffbcc250000 - 0x00007ffbcc2ca000 	C:\WINDOWS\System32\bcryptPrimitives.dll
0x00007ffbcc420000 - 0x00007ffbccb2d000 	C:\WINDOWS\System32\windows.storage.dll
0x00007ffbcd500000 - 0x00007ffbcd551000 	C:\WINDOWS\System32\shlwapi.dll
0x00007ffbcc190000 - 0x00007ffbcc1a1000 	C:\WINDOWS\System32\kernel.appcore.dll
0x00007ffbcc1c0000 - 0x00007ffbcc1df000 	C:\WINDOWS\System32\profapi.dll
0x00007ffbcc200000 - 0x00007ffbcc24c000 	C:\WINDOWS\System32\powrprof.dll
0x00007ffbcc1b0000 - 0x00007ffbcc1ba000 	C:\WINDOWS\System32\FLTLIB.DLL
0x00007ffba2700000 - 0x00007ffba2814000 	D:\vivado2018\Vivado\2018.3\lib\win64.o\libboost_regex.dll
0x00007ffba1430000 - 0x00007ffba16e5000 	D:\vivado2018\Vivado\2018.3\lib\win64.o\libXil_lmgr11.dll
0x00007ffbceb00000 - 0x00007ffbcebed000 	C:\WINDOWS\System32\COMDLG32.dll
0x00007ffbcfc10000 - 0x00007ffbcfcd2000 	C:\WINDOWS\System32\OLEAUT32.dll
0x00007ffbce9a0000 - 0x00007ffbceaf1000 	C:\WINDOWS\System32\ole32.dll
0x00007ffbccb30000 - 0x00007ffbccb87000 	C:\WINDOWS\System32\WINTRUST.dll
0x00007ffbcc1e0000 - 0x00007ffbcc1f2000 	C:\WINDOWS\System32\MSASN1.dll
0x00007ffbcd120000 - 0x00007ffbcd302000 	C:\WINDOWS\System32\CRYPT32.dll
0x00007ffbbd4c0000 - 0x00007ffbbd4d4000 	D:\vivado2018\Vivado\2018.3\lib\win64.o\libboost_date_time.dll
0x00007ffb9bd10000 - 0x00007ffb9c07e000 	D:\vivado2018\Vivado\2018.3\lib\win64.o\libCOIN-all.dll
0x00007ffba5fb0000 - 0x00007ffba602f000 	D:\vivado2018\Vivado\2018.3\lib\win64.o\libboost_program_options.dll
0x00007ffbba750000 - 0x00007ffbba771000 	D:\vivado2018\Vivado\2018.3\lib\win64.o\libboost_thread.dll
0x00007ffbbf0a0000 - 0x00007ffbbf0af000 	D:\vivado2018\Vivado\2018.3\lib\win64.o\libboost_xilinx.dll
0x00007ffba45a0000 - 0x00007ffba4622000 	D:\vivado2018\Vivado\2018.3\lib\win64.o\libhdlpsolve.dll
0x00007ffba3a70000 - 0x00007ffba3b15000 	D:\vivado2018\Vivado\2018.3\lib\win64.o\libhdxml.dll
0x00007ffbaf600000 - 0x00007ffbaf62e000 	D:\vivado2018\Vivado\2018.3\lib\win64.o\libisl_sysinfo.dll
0x00007ffb9b4c0000 - 0x00007ffb9bd0e600 	D:\vivado2018\Vivado\2018.3\lib\win64.o\libisl_iostreams.dll
0x00007ffbb19f0000 - 0x00007ffbb1a0a000 	D:\vivado2018\Vivado\2018.3\lib\win64.o\pthreadVC2.dll
0x00007ffbaef10000 - 0x00007ffbaef2c000 	D:\vivado2018\Vivado\2018.3\lib\win64.o\librdiconfig.dll
0x00007ffba51d0000 - 0x00007ffba5235000 	D:\vivado2018\Vivado\2018.3\lib\win64.o\liblmx6.0.dll
0x00007ffbc2130000 - 0x00007ffbc2147000 	C:\WINDOWS\SYSTEM32\NETAPI32.dll
0x00007ffbb6600000 - 0x00007ffbb6b21000 	C:\WINDOWS\SYSTEM32\WININET.dll
0x00007ffbc7930000 - 0x00007ffbc7a0d000 	C:\WINDOWS\SYSTEM32\WINHTTP.dll
0x00007ffbbe310000 - 0x00007ffbbe4d8000 	C:\WINDOWS\SYSTEM32\urlmon.dll
0x00007ffbac020000 - 0x00007ffbac041000 	D:\vivado2018\Vivado\2018.3\lib\win64.o\librdizlib.dll
0x00007ffbbd250000 - 0x00007ffbbd259000 	C:\WINDOWS\SYSTEM32\WSOCK32.dll
0x00007ffbab620000 - 0x00007ffbab649000 	C:\WINDOWS\SYSTEM32\VCOMP140.DLL
0x0000000012000000 - 0x0000000012272000 	D:\vivado2018\Vivado\2018.3\lib\win64.o\xerces-c_3_1.dll
0x00007ffbb9e60000 - 0x00007ffbb9f07000 	C:\WINDOWS\WinSxS\amd64_microsoft.windows.common-controls_6595b64144ccf1df_5.82.17134.765_none_f95445c33093f8bb\COMCTL32.dll
0x00007ffbc1b20000 - 0x00007ffbc1b3a000 	C:\WINDOWS\SYSTEM32\dhcpcsvc.DLL
0x00007ffbcfce0000 - 0x00007ffbcfce8000 	C:\WINDOWS\System32\NSI.dll
0x00007ffbbeef0000 - 0x00007ffbbeefd000 	D:\vivado2018\Vivado\2018.3\lib\win64.o\libboost_chrono.dll
0x00007ffbadbb0000 - 0x00007ffbadbcb000 	D:\vivado2018\Vivado\2018.3\lib\win64.o\libboost_iostreams.dll
0x00007ffbbe9b0000 - 0x00007ffbbec57000 	C:\WINDOWS\SYSTEM32\iertutil.dll
0x00007ffba5af0000 - 0x00007ffba5b15000 	D:\vivado2018\Vivado\2018.3\lib\win64.o\libisl_iosutils.dll
0x00007ffb9a620000 - 0x00007ffb9b4b1000 	D:\vivado2018\Vivado\2018.3\lib\win64.o\gurobi65.dll
0x00007ffbcbbe0000 - 0x00007ffbcbbeb000 	C:\WINDOWS\SYSTEM32\CRYPTBASE.DLL
0x00007ffbcb830000 - 0x00007ffbcb83e000 	C:\WINDOWS\SYSTEM32\NETUTILS.DLL
0x00007ffbcf280000 - 0x00007ffbcf2ad000 	C:\WINDOWS\System32\IMM32.DLL
0x00007ffb99dd0000 - 0x00007ffb9a2c5000 	D:\vivado2018\Vivado\2018.3\lib\win64.o\librdi_commontasks.dll
0x00007ffbb9870000 - 0x00007ffbb987a000 	C:\WINDOWS\SYSTEM32\VERSION.dll
0x00007ffba0a70000 - 0x00007ffba0cef000 	D:\vivado2018\Vivado\2018.3\lib\win64.o\librdi_sio.dll
0x00007ffbcb730000 - 0x00007ffbcb768000 	C:\WINDOWS\SYSTEM32\IPHLPAPI.DLL
0x000000005c5f0000 - 0x000000005d015000 	D:\vivado2018\Vivado\2018.3\tps\win64\jre9.0.4\bin\server\jvm.dll
0x00007ffbcf2b0000 - 0x00007ffbcf2b8000 	C:\WINDOWS\System32\PSAPI.DLL
0x00007ffbc81f0000 - 0x00007ffbc8213000 	C:\WINDOWS\SYSTEM32\WINMM.dll
0x00007ffba17f0000 - 0x00007ffba18df000 	C:\WINDOWS\SYSTEM32\MSVCR120.dll
0x00007ffbc81c0000 - 0x00007ffbc81ea000 	C:\WINDOWS\SYSTEM32\WINMMBASE.dll
0x00007ffbcb9b0000 - 0x00007ffbcba16000 	C:\WINDOWS\SYSTEM32\MSWSOCK.DLL
0x00007ffb97a00000 - 0x00007ffb99dc2000 	D:\vivado2018\Vivado\2018.3\lib\win64.o\librdi_tcltasks.dll
0x00007ffb97880000 - 0x00007ffb979fe000 	D:\vivado2018\Vivado\2018.3\lib\win64.o\librdi_board.dll
0x00007ffba4fd0000 - 0x00007ffba503a000 	D:\vivado2018\Vivado\2018.3\lib\win64.o\librdi_boarddep.dll
0x00007ffba1df0000 - 0x00007ffba1ecc000 	D:\vivado2018\Vivado\2018.3\lib\win64.o\librdi_chipscope.dll
0x00007ffb974a0000 - 0x00007ffb9787c000 	D:\vivado2018\Vivado\2018.3\lib\win64.o\librdi_bitstream.dll
0x00007ffb972e0000 - 0x00007ffb97499000 	D:\vivado2018\Vivado\2018.3\lib\win64.o\librdi_chipscopeimpl.dll
0x00007ffb9f4c0000 - 0x00007ffb9f608000 	D:\vivado2018\Vivado\2018.3\lib\win64.o\librdi_containers.dll
0x00007ffb96c00000 - 0x00007ffb972da000 	D:\vivado2018\Vivado\2018.3\lib\win64.o\librdi_coregenipxact.dll
0x00007ffb8b270000 - 0x00007ffb8cb75000 	D:\vivado2018\Vivado\2018.3\lib\win64.o\librdi_constraints.dll
0x00007ffb968e0000 - 0x00007ffb96bfb000 	D:\vivado2018\Vivado\2018.3\lib\win64.o\librdi_dlyest.dll
0x00007ffb89450000 - 0x00007ffb8b26f000 	D:\vivado2018\Vivado\2018.3\lib\win64.o\librdi_coregen.dll
0x00007ffb96380000 - 0x00007ffb968e0000 	D:\vivado2018\Vivado\2018.3\lib\win64.o\librdi_drc.dll
0x00007ffba0df0000 - 0x00007ffba0eb2000 	D:\vivado2018\Vivado\2018.3\lib\win64.o\librdi_dsp.dll
0x00007ffb7bff0000 - 0x00007ffb7fdeb000 	D:\vivado2018\Vivado\2018.3\lib\win64.o\librdi_designutils.dll
0x00007ffb960a0000 - 0x00007ffb9637a000 	D:\vivado2018\Vivado\2018.3\lib\win64.o\librdi_guitools.dll
0x00007ffb94ed0000 - 0x00007ffb9550f000 	D:\vivado2018\Vivado\2018.3\lib\win64.o\librdi_filemgmt.dll
0x00007ffba1a40000 - 0x00007ffba1a9d000 	D:\vivado2018\Vivado\2018.3\lib\win64.o\librdi_hdf.dll
0x00007ffb6b290000 - 0x00007ffb7bfe2000 	D:\vivado2018\Vivado\2018.3\lib\win64.o\librdi_device.dll
0x00007ffb9fdc0000 - 0x00007ffb9fe31000 	D:\vivado2018\Vivado\2018.3\lib\win64.o\librdi_memoryarray.dll
0x00007ffb887f0000 - 0x00007ffb88e2b000 	D:\vivado2018\Vivado\2018.3\lib\win64.o\librdi_netlist.dll
0x00007ffb88e30000 - 0x00007ffb89445000 	D:\vivado2018\Vivado\2018.3\lib\win64.o\librdi_memdata.dll
0x00007ffba17a0000 - 0x00007ffba17f0000 	D:\vivado2018\Vivado\2018.3\lib\win64.o\librdi_pfi.dll
0x00007ffb8f930000 - 0x00007ffb8fc37000 	D:\vivado2018\Vivado\2018.3\lib\win64.o\librdi_platform.dll
0x00007ffb880f0000 - 0x00007ffb887e5000 	D:\vivado2018\Vivado\2018.3\lib\win64.o\librdi_power.dll
0x00007ffb69ef0000 - 0x00007ffb6b281000 	D:\vivado2018\Vivado\2018.3\lib\win64.o\librdi_implflow.dll
0x00007ffb877b0000 - 0x00007ffb87d06000 	D:\vivado2018\Vivado\2018.3\lib\win64.o\librdi_project.dll
0x00007ffb65e40000 - 0x00007ffb66533000 	D:\vivado2018\Vivado\2018.3\lib\win64.o\librdi_psta.dll
0x00007ffb66540000 - 0x00007ffb69eec000 	D:\vivado2018\Vivado\2018.3\lib\win64.o\librdi_mig.dll
0x00007ffb63920000 - 0x00007ffb65e34000 	D:\vivado2018\Vivado\2018.3\lib\win64.o\librdi_place.dll
0x00007ffb873d0000 - 0x00007ffb877a7000 	D:\vivado2018\Vivado\2018.3\lib\win64.o\librdi_runs.dll
0x00007ffb63240000 - 0x00007ffb63919000 	D:\vivado2018\Vivado\2018.3\lib\win64.o\librdi_rsb.dll
0x00007ffb95ae0000 - 0x00007ffb95bb8000 	D:\vivado2018\Vivado\2018.3\lib\win64.o\librdi_runsbase.dll
0x00007ffb94ca0000 - 0x00007ffb94ec8000 	D:\vivado2018\Vivado\2018.3\lib\win64.o\librdi_simdata.dll
0x00007ffb95980000 - 0x00007ffb95ad4000 	D:\vivado2018\Vivado\2018.3\lib\win64.o\librdi_advchipscopeimpl.dll
0x00007ffb9fa20000 - 0x00007ffb9fa6c000 	D:\vivado2018\Vivado\2018.3\lib\win64.o\libboost_serialization.dll
0x00007ffb95fe0000 - 0x00007ffb96098000 	D:\vivado2018\Vivado\2018.3\lib\win64.o\librdi_hip_devdesign.dll
0x00007ffb906f0000 - 0x00007ffb9079b000 	D:\vivado2018\Vivado\2018.3\lib\win64.o\librdi_ipconfig_readwrite.dll
0x00007ffba3f50000 - 0x00007ffba3f88000 	D:\vivado2018\Vivado\2018.3\lib\win64.o\librdi_noc_frameworks.dll
0x00007ffb8f890000 - 0x00007ffb8f92e000 	D:\vivado2018\Vivado\2018.3\lib\win64.o\libise.dll
0x00007ffb624b0000 - 0x00007ffb6323d000 	D:\vivado2018\Vivado\2018.3\lib\win64.o\librdi_timing.dll
0x00007ffb92a70000 - 0x00007ffb92ab9000 	D:\vivado2018\Vivado\2018.3\lib\win64.o\librdi_wavedata_SimpleApi.dll
0x00007ffb60fb0000 - 0x00007ffb61365000 	D:\vivado2018\Vivado\2018.3\lib\win64.o\librdi_hip_config.dll
0x00007ffb61370000 - 0x00007ffb61954000 	D:\vivado2018\Vivado\2018.3\lib\win64.o\librdi_wavedata.dll

VM Arguments:
jvm_args: -Dsun.java2d.pmoffscreen=false -Dsun.java2d.xrender=false -Dsun.java2d.d3d=false -Dsun.awt.nopixfmt=true -Dsun.java2d.dpiaware=true -Dsun.java2d.uiScale.enabled=false -Xverify:none -Dswing.aatext=true -XX:-UsePerfData -Djdk.map.althashing.threshold=512 -XX:StringTableSize=4072 --add-opens=java.base/java.nio=ALL-UNNAMED --add-opens=java.desktop/sun.swing=ALL-UNNAMED --add-opens=java.desktop/javax.swing=ALL-UNNAMED --add-opens=java.desktop/javax.swing.tree=ALL-UNNAMED --add-opens=java.desktop/javax.swing.plaf.basic=ALL-UNNAMED --add-opens=java.desktop/javax.swing.plaf.synth=ALL-UNNAMED --add-opens=java.desktop/com.sun.awt=ALL-UNNAMED -XX:NewSize=60m -XX:MaxNewSize=60m -Xms128m -Xmx3072m -Xss5m 
java_command: <unknown>
java_class_path (initial): D:/vivado2018/Vivado/2018.3\lib\classes\alloy.jar;D:/vivado2018/Vivado/2018.3\lib\classes\autopilot.scelaborator.jar;D:/vivado2018/Vivado/2018.3\lib\classes\autopilot.sourceprocessor.jar;D:/vivado2018/Vivado/2018.3\lib\classes\autopilot.tbprocessor.jar;D:/vivado2018/Vivado/2018.3\lib\classes\batik-anim.jar;D:/vivado2018/Vivado/2018.3\lib\classes\batik-awt-util.jar;D:/vivado2018/Vivado/2018.3\lib\classes\batik-bridge.jar;D:/vivado2018/Vivado/2018.3\lib\classes\batik-codec.jar;D:/vivado2018/Vivado/2018.3\lib\classes\batik-css.jar;D:/vivado2018/Vivado/2018.3\lib\classes\batik-dom.jar;D:/vivado2018/Vivado/2018.3\lib\classes\batik-ext.jar;D:/vivado2018/Vivado/2018.3\lib\classes\batik-gui-util.jar;D:/vivado2018/Vivado/2018.3\lib\classes\batik-gvt.jar;D:/vivado2018/Vivado/2018.3\lib\classes\batik-parser.jar;D:/vivado2018/Vivado/2018.3\lib\classes\batik-script.jar;D:/vivado2018/Vivado/2018.3\lib\classes\batik-svg-dom.jar;D:/vivado2018/Vivado/2018.3\lib\classes\batik-swing.jar;D:/vivado2018/Vivado/2018.3\lib\classes\batik-transcoder.jar;D:/vivado2018/Vivado/2018.3\lib\classes\batik-util.jar;D:/vivado2018/Vivado/2018.3\lib\classes\batik-xml.jar;D:/vivado2018/Vivado/2018.3\lib\classes\com.ibm.icu_4.4.2.v20110208.jar;D:/vivado2018/Vivado/2018.3\lib\classes\commons-collections4-4.1.jar;D:/vivado2018/Vivado/2018.3\lib\classes\commons-math-2.2.jar;D:/vivado2018/Vivado/2018.3\lib\classes\dom4j-1.6.1.jar;D:/vivado2018/Vivado/2018.3\lib\classes\guava-18.0.jar;D:/vivado2018/Vivado/2018.3\lib\classes\help.jar;D:/vivado2018/Vivado/2018.3\lib\classes\hsqldb.jar;D:/vivado2018/Vivado/2018.3\lib\classes\jargs.jar;D:/vivado2018/Vivado/2018.3\lib\classes\jaxb-api-2.3.0.jar;D:/vivado2018/Vivado/2018.3\lib\classes\jh.jar;D:/vivado2018/Vivado/2018.3\lib\classes\jide-action.jar;D:/vivado2018/Vivado/2018.3\lib\classes\jide-charts.jar;D:/vivado2018/Vivado/2018.3\lib\classes\jide-common.jar;D:/vivado2018/Vivado/2018.3\lib\classes\jide-components.jar;D:/vivado2018/Vivado/
Launcher Type: generic

Logging:
Log output configuration:
#0: stdout all=warning uptime,level,tags
#1: stderr all=off uptime,level,tags

Environment Variables:
JAVA_HOME=C:\Program Files\Java
CLASSPATH= .;C:\Program Files\Java\lib;C:\Program Files\Java\lib\tools.jar
PATH=D:/vivado2018/Vivado/2018.3/bin;D:/vivado2018/Vivado/2018.3/lib/win64.o;D:/vivado2018/Vivado/2018.3/tps/win64/jre9.0.4/bin/server;D:/vivado2018/Vivado/2018.3/tps/win64/jre9.0.4/bin;D:/vivado2018/SDK/2018.3/bin;D:/vivado2018/Vivado/2018.3/ids_lite/ISE/bin/nt64;D:/vivado2018/Vivado/2018.3/ids_lite/ISE/lib/nt64;C:\ProgramData\Oracle\Java\javapath;C:\Program Files (x86)\Intel\iCLS Client\;C:\Program Files\Intel\iCLS Client\;C:\WINDOWS\system32;C:\WINDOWS;C:\WINDOWS\System32\Wbem;C:\WINDOWS\System32\WindowsPowerShell\v1.0\;C:\Program Files\Intel\Intel(R) Management Engine Components\DAL;C:\Program Files (x86)\Intel\Intel(R) Management Engine Components\DAL;C:\Program Files\Intel\Intel(R) Management Engine Components\IPT;C:\Program Files (x86)\Intel\Intel(R) Management Engine Components\IPT;C:\Program Files\Java\bin;C:\Program Files\Java\jre\bin;;C:\WINDOWS\System32\OpenSSH\;C:\Users\SCL\AppData\Local\Microsoft\WindowsApps;C:\Users\SCL\AppData\Local\GitHubDesktop\bin;C:\Users\SCL\AppData\Local\Programs\Microsoft VS Code\bin;D:/vivado2018/Vivado/2018.3\tps\mingw\6.2.0\win64.o\nt\bin;D:/vivado2018/Vivado/2018.3\tps\mingw\6.2.0\win64.o\nt\libexec\gcc\x86_64-w64-mingw32\6.2.0
USERNAME=SCL
OS=Windows_NT
PROCESSOR_IDENTIFIER=Intel64 Family 6 Model 70 Stepping 1, GenuineIntel



---------------  S Y S T E M  ---------------

OS: Windows 10 , 64 bit Build 17134 (10.0.17134.753)

CPU:total 8 (initial active 8) (4 cores per cpu, 2 threads per core) family 6 model 70 stepping 1, cmov, cx8, fxsr, mmx, sse, sse2, sse3, ssse3, sse4.1, sse4.2, popcnt, avx, avx2, aes, clmul, erms, lzcnt, ht, tsc, tscinvbit, bmi1, bmi2, fma

Memory: 4k page, physical 16650504k(9874740k free), swap 19140872k(11974716k free)

vm_info: Java HotSpot(TM) 64-Bit Server VM (9.0.4+11) for windows-amd64 JRE (9.0.4+11), built on Dec 20 2017 02:18:54 by "mach5one" with MS VC++ 12.0 (VS2013)

END.
