#-----------------------------------------------------------
# Vivado v2018.3 (64-bit)
# SW Build 2405991 on Thu Dec  6 23:38:27 MST 2018
# IP Build 2404404 on Fri Dec  7 01:43:56 MST 2018
# Start of session at: Mon Apr 29 22:07:19 2019
# Process ID: 8276
# Current directory: D:/SCL_VERILOG/mux4x1_verilog
# Command line: vivado.exe -gui_launcher_event rodinguilauncherevent4036 D:\SCL_VERILOG\mux4x1_verilog\mux4x1_verilog.xpr
# Log file: D:/SCL_VERILOG/mux4x1_verilog/vivado.log
# Journal file: D:/SCL_VERILOG/mux4x1_verilog\vivado.jou
#-----------------------------------------------------------
start_gui
open_project D:/SCL_VERILOG/mux4x1_verilog/mux4x1_verilog.xpr
Scanning sources...
Finished scanning sources
INFO: [IP_Flow 19-234] Refreshing IP repositories
INFO: [IP_Flow 19-1704] No user IP repositories specified
INFO: [IP_Flow 19-2313] Loaded Vivado IP repository 'G:/vivado/Vivado/2018.3/data/ip'.
open_project: Time (s): cpu = 00:00:12 ; elapsed = 00:00:10 . Memory (MB): peak = 683.621 ; gain = 93.199
update_compile_order -fileset sources_1
exit
INFO: [Common 17-206] Exiting Vivado at Mon Apr 29 23:41:03 2019...
